{"/Users/priebe/git/diesel/source/wral/applications/javascript/mailshredder/src-electron/main-process/electron-main.dev.js": {"path":"/Users/priebe/git/diesel/source/wral/applications/javascript/mailshredder/src-electron/main-process/electron-main.dev.js","statementMap":{"0":{"start":{"line":9,"column":0},"end":{"line":9,"column":49}},"1":{"start":{"line":12,"column":0},"end":{"line":19,"column":2}},"2":{"start":{"line":13,"column":25},"end":{"line":13,"column":63}},"3":{"start":{"line":14,"column":2},"end":{"line":18,"column":6}},"4":{"start":{"line":17,"column":6},"end":{"line":17,"column":62}},"5":{"start":{"line":22,"column":0},"end":{"line":22,"column":26}}},"fnMap":{"0":{"name":"(anonymous_0)","decl":{"start":{"line":12,"column":36},"end":{"line":12,"column":37}},"loc":{"start":{"line":12,"column":42},"end":{"line":19,"column":1}},"line":12},"1":{"name":"(anonymous_1)","decl":{"start":{"line":15,"column":10},"end":{"line":15,"column":11}},"loc":{"start":{"line":15,"column":16},"end":{"line":15,"column":18}},"line":15},"2":{"name":"(anonymous_2)","decl":{"start":{"line":16,"column":11},"end":{"line":16,"column":12}},"loc":{"start":{"line":16,"column":18},"end":{"line":18,"column":5}},"line":16}},"branchMap":{},"s":{"0":0,"1":0,"2":0,"3":0,"4":0,"5":0},"f":{"0":0,"1":0,"2":0},"b":{},"hash":"ebe1d372e0abc929565cba70f17ac0bbc88f4240"}
,"/Users/priebe/git/diesel/source/wral/applications/javascript/mailshredder/src-electron/main-process/electron-main.js": {"path":"/Users/priebe/git/diesel/source/wral/applications/javascript/mailshredder/src-electron/main-process/electron-main.js","statementMap":{"0":{"start":{"line":3,"column":14},"end":{"line":3,"column":39}},"1":{"start":{"line":4,"column":0},"end":{"line":4,"column":7}},"2":{"start":{"line":10,"column":0},"end":{"line":12,"column":1}},"3":{"start":{"line":11,"column":2},"end":{"line":11,"column":86}},"4":{"start":{"line":17,"column":2},"end":{"line":17,"column":14}},"5":{"start":{"line":19,"column":2},"end":{"line":25,"column":3}},"6":{"start":{"line":20,"column":4},"end":{"line":24,"column":6}},"7":{"start":{"line":30,"column":2},"end":{"line":35,"column":4}},"8":{"start":{"line":37,"column":2},"end":{"line":37,"column":41}},"9":{"start":{"line":39,"column":2},"end":{"line":41,"column":4}},"10":{"start":{"line":40,"column":4},"end":{"line":40,"column":21}},"11":{"start":{"line":44,"column":0},"end":{"line":44,"column":29}},"12":{"start":{"line":46,"column":0},"end":{"line":50,"column":2}},"13":{"start":{"line":47,"column":2},"end":{"line":49,"column":3}},"14":{"start":{"line":48,"column":4},"end":{"line":48,"column":14}},"15":{"start":{"line":53,"column":22},"end":{"line":77,"column":3}},"16":{"start":{"line":66,"column":10},"end":{"line":66,"column":47}},"17":{"start":{"line":73,"column":10},"end":{"line":73,"column":20}},"18":{"start":{"line":79,"column":15},"end":{"line":116,"column":3}},"19":{"start":{"line":118,"column":19},"end":{"line":121,"column":3}},"20":{"start":{"line":123,"column":2},"end":{"line":123,"column":59}}},"fnMap":{"0":{"name":"createWindow","decl":{"start":{"line":16,"column":9},"end":{"line":16,"column":21}},"loc":{"start":{"line":16,"column":25},"end":{"line":42,"column":1}},"line":16},"1":{"name":"(anonymous_1)","decl":{"start":{"line":39,"column":26},"end":{"line":39,"column":27}},"loc":{"start":{"line":39,"column":32},"end":{"line":41,"column":3}},"line":39},"2":{"name":"(anonymous_2)","decl":{"start":{"line":46,"column":28},"end":{"line":46,"column":29}},"loc":{"start":{"line":46,"column":34},"end":{"line":50,"column":1}},"line":46},"3":{"name":"createMenu","decl":{"start":{"line":52,"column":9},"end":{"line":52,"column":19}},"loc":{"start":{"line":52,"column":23},"end":{"line":124,"column":1}},"line":52},"4":{"name":"(anonymous_4)","decl":{"start":{"line":65,"column":15},"end":{"line":65,"column":16}},"loc":{"start":{"line":65,"column":21},"end":{"line":67,"column":9}},"line":65},"5":{"name":"(anonymous_5)","decl":{"start":{"line":72,"column":15},"end":{"line":72,"column":16}},"loc":{"start":{"line":72,"column":21},"end":{"line":74,"column":9}},"line":72}},"branchMap":{"0":{"loc":{"start":{"line":10,"column":0},"end":{"line":12,"column":1}},"type":"if","locations":[{"start":{"line":10,"column":0},"end":{"line":12,"column":1}},{"start":{"line":10,"column":0},"end":{"line":12,"column":1}}],"line":10},"1":{"loc":{"start":{"line":19,"column":2},"end":{"line":25,"column":3}},"type":"if","locations":[{"start":{"line":19,"column":2},"end":{"line":25,"column":3}},{"start":{"line":19,"column":2},"end":{"line":25,"column":3}}],"line":19},"2":{"loc":{"start":{"line":47,"column":2},"end":{"line":49,"column":3}},"type":"if","locations":[{"start":{"line":47,"column":2},"end":{"line":49,"column":3}},{"start":{"line":47,"column":2},"end":{"line":49,"column":3}}],"line":47}},"s":{"0":0,"1":0,"2":0,"3":0,"4":0,"5":0,"6":0,"7":0,"8":0,"9":0,"10":0,"11":0,"12":0,"13":0,"14":0,"15":0,"16":0,"17":0,"18":0,"19":0,"20":0},"f":{"0":0,"1":0,"2":0,"3":0,"4":0,"5":0},"b":{"0":[0,0],"1":[0,0],"2":[0,0]},"hash":"9a3461e8906badf96fcb96c47eed82e1fea2b120"}
,"/Users/priebe/git/diesel/source/wral/applications/javascript/mailshredder/src-pwa/custom-service-worker.js": {"path":"/Users/priebe/git/diesel/source/wral/applications/javascript/mailshredder/src-pwa/custom-service-worker.js","statementMap":{},"fnMap":{},"branchMap":{},"s":{},"f":{},"b":{},"hash":"aff13bf880d169263a71680766bd62acd413a916"}
,"/Users/priebe/git/diesel/source/wral/applications/javascript/mailshredder/src-pwa/register-service-worker.js": {"path":"/Users/priebe/git/diesel/source/wral/applications/javascript/mailshredder/src-pwa/register-service-worker.js","statementMap":{"0":{"start":{"line":7,"column":0},"end":{"line":41,"column":2}},"1":{"start":{"line":15,"column":4},"end":{"line":15,"column":70}},"2":{"start":{"line":19,"column":4},"end":{"line":19,"column":54}},"3":{"start":{"line":23,"column":4},"end":{"line":23,"column":59}},"4":{"start":{"line":27,"column":4},"end":{"line":27,"column":46}},"5":{"start":{"line":31,"column":4},"end":{"line":31,"column":60}},"6":{"start":{"line":35,"column":4},"end":{"line":35,"column":80}},"7":{"start":{"line":39,"column":4},"end":{"line":39,"column":67}}},"fnMap":{"0":{"name":"(anonymous_0)","decl":{"start":{"line":14,"column":2},"end":{"line":14,"column":3}},"loc":{"start":{"line":14,"column":11},"end":{"line":16,"column":3}},"line":14},"1":{"name":"(anonymous_1)","decl":{"start":{"line":18,"column":2},"end":{"line":18,"column":3}},"loc":{"start":{"line":18,"column":28},"end":{"line":20,"column":3}},"line":18},"2":{"name":"(anonymous_2)","decl":{"start":{"line":22,"column":2},"end":{"line":22,"column":3}},"loc":{"start":{"line":22,"column":24},"end":{"line":24,"column":3}},"line":22},"3":{"name":"(anonymous_3)","decl":{"start":{"line":26,"column":2},"end":{"line":26,"column":3}},"loc":{"start":{"line":26,"column":29},"end":{"line":28,"column":3}},"line":26},"4":{"name":"(anonymous_4)","decl":{"start":{"line":30,"column":2},"end":{"line":30,"column":3}},"loc":{"start":{"line":30,"column":25},"end":{"line":32,"column":3}},"line":30},"5":{"name":"(anonymous_5)","decl":{"start":{"line":34,"column":2},"end":{"line":34,"column":3}},"loc":{"start":{"line":34,"column":13},"end":{"line":36,"column":3}},"line":34},"6":{"name":"(anonymous_6)","decl":{"start":{"line":38,"column":2},"end":{"line":38,"column":3}},"loc":{"start":{"line":38,"column":14},"end":{"line":40,"column":3}},"line":38}},"branchMap":{},"s":{"0":0,"1":0,"2":0,"3":0,"4":0,"5":0,"6":0,"7":0},"f":{"0":0,"1":0,"2":0,"3":0,"4":0,"5":0,"6":0},"b":{},"hash":"befaa157e629e22c11057d5098b37e232d8ad4ad"}
,"/Users/priebe/git/diesel/source/wral/applications/javascript/mailshredder/src/boot/axios.js": {"path":"/Users/priebe/git/diesel/source/wral/applications/javascript/mailshredder/src/boot/axios.js","statementMap":{"0":{"start":{"line":4,"column":2},"end":{"line":4,"column":30}}},"fnMap":{"0":{"name":"(anonymous_0)","decl":{"start":{"line":3,"column":15},"end":{"line":3,"column":16}},"loc":{"start":{"line":3,"column":34},"end":{"line":5,"column":1}},"line":3}},"branchMap":{},"s":{"0":0},"f":{"0":0},"b":{},"hash":"84cd4fad89e7fdc7a45b18f0985537b8d61abafc"}
,"/Users/priebe/git/diesel/source/wral/applications/javascript/mailshredder/src/boot/vuelidate.js": {"path":"/Users/priebe/git/diesel/source/wral/applications/javascript/mailshredder/src/boot/vuelidate.js","statementMap":{"0":{"start":{"line":4,"column":2},"end":{"line":4,"column":20}}},"fnMap":{"0":{"name":"(anonymous_0)","decl":{"start":{"line":3,"column":15},"end":{"line":3,"column":16}},"loc":{"start":{"line":3,"column":28},"end":{"line":5,"column":1}},"line":3}},"branchMap":{},"s":{"0":0},"f":{"0":0},"b":{},"hash":"716f1d1bdcca30f521385c7dc7c97403522e641c"}
,"/Users/priebe/git/diesel/source/wral/applications/javascript/mailshredder/src/components/StepFilter.vue": {"path":"/Users/priebe/git/diesel/source/wral/applications/javascript/mailshredder/src/components/StepFilter.vue","statementMap":{"0":{"start":{"line":125,"column":0},"end":{"line":125,"column":null}},"1":{"start":{"line":126,"column":0},"end":{"line":126,"column":null}},"2":{"start":{"line":127,"column":0},"end":{"line":127,"column":null}},"3":{"start":{"line":128,"column":0},"end":{"line":128,"column":null}},"4":{"start":{"line":130,"column":0},"end":{"line":130,"column":null}},"5":{"start":{"line":120,"column":0},"end":{"line":120,"column":null}},"6":{"start":{"line":121,"column":0},"end":{"line":121,"column":null}},"7":{"start":{"line":122,"column":0},"end":{"line":122,"column":null}},"8":{"start":{"line":123,"column":0},"end":{"line":123,"column":null}},"9":{"start":{"line":132,"column":0},"end":{"line":132,"column":null}},"10":{"start":{"line":137,"column":0},"end":{"line":137,"column":null}},"11":{"start":{"line":173,"column":0},"end":{"line":173,"column":null}},"12":{"start":{"line":183,"column":0},"end":{"line":183,"column":null}},"13":{"start":{"line":195,"column":0},"end":{"line":197,"column":null}},"14":{"start":{"line":196,"column":0},"end":{"line":196,"column":null}},"15":{"start":{"line":198,"column":0},"end":{"line":198,"column":null}},"16":{"start":{"line":203,"column":0},"end":{"line":203,"column":null}},"17":{"start":{"line":206,"column":0},"end":{"line":206,"column":null}},"18":{"start":{"line":211,"column":0},"end":{"line":211,"column":null}},"19":{"start":{"line":214,"column":0},"end":{"line":214,"column":null}},"20":{"start":{"line":219,"column":0},"end":{"line":219,"column":null}},"21":{"start":{"line":222,"column":0},"end":{"line":222,"column":null}},"22":{"start":{"line":227,"column":0},"end":{"line":227,"column":null}},"23":{"start":{"line":230,"column":0},"end":{"line":230,"column":null}},"24":{"start":{"line":235,"column":0},"end":{"line":235,"column":null}},"25":{"start":{"line":239,"column":0},"end":{"line":239,"column":null}},"26":{"start":{"line":240,"column":0},"end":{"line":242,"column":null}},"27":{"start":{"line":240,"column":0},"end":{"line":240,"column":null}},"28":{"start":{"line":241,"column":0},"end":{"line":241,"column":null}},"29":{"start":{"line":243,"column":0},"end":{"line":243,"column":null}},"30":{"start":{"line":246,"column":0},"end":{"line":246,"column":null}},"31":{"start":{"line":248,"column":0},"end":{"line":248,"column":null}},"32":{"start":{"line":249,"column":0},"end":{"line":249,"column":null}},"33":{"start":{"line":252,"column":0},"end":{"line":252,"column":null}},"34":{"start":{"line":253,"column":0},"end":{"line":255,"column":null}},"35":{"start":{"line":253,"column":0},"end":{"line":253,"column":null}},"36":{"start":{"line":254,"column":0},"end":{"line":254,"column":null}},"37":{"start":{"line":256,"column":0},"end":{"line":256,"column":null}},"38":{"start":{"line":259,"column":0},"end":{"line":259,"column":null}},"39":{"start":{"line":260,"column":0},"end":{"line":260,"column":null}},"40":{"start":{"line":263,"column":0},"end":{"line":263,"column":null}},"41":{"start":{"line":266,"column":0},"end":{"line":266,"column":null}},"42":{"start":{"line":267,"column":0},"end":{"line":267,"column":null}},"43":{"start":{"line":268,"column":0},"end":{"line":268,"column":null}},"44":{"start":{"line":269,"column":0},"end":{"line":272,"column":null}},"45":{"start":{"line":270,"column":0},"end":{"line":270,"column":null}},"46":{"start":{"line":271,"column":0},"end":{"line":271,"column":null}},"47":{"start":{"line":275,"column":0},"end":{"line":275,"column":null}},"48":{"start":{"line":276,"column":0},"end":{"line":276,"column":null}},"49":{"start":{"line":283,"column":0},"end":{"line":286,"column":null}},"50":{"start":{"line":284,"column":0},"end":{"line":284,"column":null}},"51":{"start":{"line":285,"column":0},"end":{"line":285,"column":null}},"52":{"start":{"line":288,"column":0},"end":{"line":288,"column":null}},"53":{"start":{"line":290,"column":0},"end":{"line":290,"column":null}},"54":{"start":{"line":292,"column":0},"end":{"line":292,"column":null}},"55":{"start":{"line":297,"column":0},"end":{"line":297,"column":null}},"56":{"start":{"line":298,"column":0},"end":{"line":298,"column":null}},"57":{"start":{"line":300,"column":0},"end":{"line":300,"column":null}},"58":{"start":{"line":301,"column":0},"end":{"line":301,"column":null}},"59":{"start":{"line":302,"column":0},"end":{"line":302,"column":null}},"60":{"start":{"line":303,"column":0},"end":{"line":303,"column":null}},"61":{"start":{"line":304,"column":0},"end":{"line":304,"column":null}},"62":{"start":{"line":305,"column":0},"end":{"line":305,"column":null}},"63":{"start":{"line":307,"column":0},"end":{"line":307,"column":null}},"64":{"start":{"line":308,"column":0},"end":{"line":308,"column":null}},"65":{"start":{"line":309,"column":0},"end":{"line":309,"column":null}},"66":{"start":{"line":311,"column":0},"end":{"line":341,"column":null}},"67":{"start":{"line":312,"column":0},"end":{"line":312,"column":null}},"68":{"start":{"line":318,"column":0},"end":{"line":318,"column":null}},"69":{"start":{"line":320,"column":0},"end":{"line":340,"column":null}},"70":{"start":{"line":321,"column":0},"end":{"line":332,"column":null}},"71":{"start":{"line":322,"column":0},"end":{"line":322,"column":null}},"72":{"start":{"line":327,"column":0},"end":{"line":327,"column":null}},"73":{"start":{"line":333,"column":0},"end":{"line":333,"column":null}},"74":{"start":{"line":335,"column":0},"end":{"line":335,"column":null}},"75":{"start":{"line":343,"column":0},"end":{"line":343,"column":null}},"76":{"start":{"line":351,"column":0},"end":{"line":351,"column":null}},"77":{"start":{"line":353,"column":0},"end":{"line":357,"column":null}},"78":{"start":{"line":353,"column":0},"end":{"line":353,"column":null}},"79":{"start":{"line":354,"column":0},"end":{"line":356,"column":null}},"80":{"start":{"line":355,"column":0},"end":{"line":355,"column":null}},"81":{"start":{"line":359,"column":0},"end":{"line":359,"column":null}},"82":{"start":{"line":365,"column":0},"end":{"line":365,"column":null}},"83":{"start":{"line":366,"column":0},"end":{"line":366,"column":null}},"84":{"start":{"line":367,"column":0},"end":{"line":367,"column":null}},"85":{"start":{"line":370,"column":0},"end":{"line":370,"column":null}},"86":{"start":{"line":371,"column":0},"end":{"line":371,"column":null}},"87":{"start":{"line":372,"column":0},"end":{"line":435,"column":null}},"88":{"start":{"line":373,"column":0},"end":{"line":373,"column":null}},"89":{"start":{"line":375,"column":0},"end":{"line":375,"column":null}},"90":{"start":{"line":376,"column":0},"end":{"line":376,"column":null}},"91":{"start":{"line":377,"column":0},"end":{"line":405,"column":null}},"92":{"start":{"line":377,"column":0},"end":{"line":377,"column":null}},"93":{"start":{"line":378,"column":0},"end":{"line":378,"column":null}},"94":{"start":{"line":379,"column":0},"end":{"line":379,"column":null}},"95":{"start":{"line":380,"column":0},"end":{"line":380,"column":null}},"96":{"start":{"line":381,"column":0},"end":{"line":383,"column":null}},"97":{"start":{"line":382,"column":0},"end":{"line":382,"column":null}},"98":{"start":{"line":384,"column":0},"end":{"line":386,"column":null}},"99":{"start":{"line":385,"column":0},"end":{"line":385,"column":null}},"100":{"start":{"line":388,"column":0},"end":{"line":393,"column":null}},"101":{"start":{"line":389,"column":0},"end":{"line":389,"column":null}},"102":{"start":{"line":390,"column":0},"end":{"line":392,"column":null}},"103":{"start":{"line":391,"column":0},"end":{"line":391,"column":null}},"104":{"start":{"line":395,"column":0},"end":{"line":395,"column":null}},"105":{"start":{"line":403,"column":0},"end":{"line":403,"column":null}},"106":{"start":{"line":404,"column":0},"end":{"line":404,"column":null}},"107":{"start":{"line":408,"column":0},"end":{"line":408,"column":null}},"108":{"start":{"line":409,"column":0},"end":{"line":409,"column":null}},"109":{"start":{"line":411,"column":0},"end":{"line":424,"column":null}},"110":{"start":{"line":412,"column":0},"end":{"line":414,"column":null}},"111":{"start":{"line":413,"column":0},"end":{"line":413,"column":null}},"112":{"start":{"line":415,"column":0},"end":{"line":417,"column":null}},"113":{"start":{"line":416,"column":0},"end":{"line":416,"column":null}},"114":{"start":{"line":418,"column":0},"end":{"line":420,"column":null}},"115":{"start":{"line":419,"column":0},"end":{"line":419,"column":null}},"116":{"start":{"line":421,"column":0},"end":{"line":421,"column":null}},"117":{"start":{"line":422,"column":0},"end":{"line":422,"column":null}},"118":{"start":{"line":423,"column":0},"end":{"line":423,"column":null}},"119":{"start":{"line":426,"column":0},"end":{"line":426,"column":null}},"120":{"start":{"line":427,"column":0},"end":{"line":427,"column":null}},"121":{"start":{"line":428,"column":0},"end":{"line":428,"column":null}},"122":{"start":{"line":430,"column":0},"end":{"line":430,"column":null}}},"fnMap":{"0":{"name":"data","decl":{"start":{"line":136,"column":0},"end":{"line":136,"column":null}},"loc":{"start":{"line":136,"column":0},"end":{"line":191,"column":null}}},"1":{"name":"sort","decl":{"start":{"line":173,"column":0},"end":{"line":173,"column":null}},"loc":{"start":{"line":173,"column":0},"end":{"line":173,"column":null}}},"2":{"name":"sort","decl":{"start":{"line":183,"column":0},"end":{"line":183,"column":null}},"loc":{"start":{"line":183,"column":0},"end":{"line":183,"column":null}}},"3":{"name":"get","decl":{"start":{"line":194,"column":0},"end":{"line":194,"column":null}},"loc":{"start":{"line":194,"column":0},"end":{"line":199,"column":null}}},"4":{"name":"get","decl":{"start":{"line":202,"column":0},"end":{"line":202,"column":null}},"loc":{"start":{"line":202,"column":0},"end":{"line":204,"column":null}}},"5":{"name":"set","decl":{"start":{"line":205,"column":0},"end":{"line":205,"column":null}},"loc":{"start":{"line":205,"column":0},"end":{"line":207,"column":null}}},"6":{"name":"get","decl":{"start":{"line":210,"column":0},"end":{"line":210,"column":null}},"loc":{"start":{"line":210,"column":0},"end":{"line":212,"column":null}}},"7":{"name":"set","decl":{"start":{"line":213,"column":0},"end":{"line":213,"column":null}},"loc":{"start":{"line":213,"column":0},"end":{"line":215,"column":null}}},"8":{"name":"get","decl":{"start":{"line":218,"column":0},"end":{"line":218,"column":null}},"loc":{"start":{"line":218,"column":0},"end":{"line":220,"column":null}}},"9":{"name":"set","decl":{"start":{"line":221,"column":0},"end":{"line":221,"column":null}},"loc":{"start":{"line":221,"column":0},"end":{"line":223,"column":null}}},"10":{"name":"get","decl":{"start":{"line":226,"column":0},"end":{"line":226,"column":null}},"loc":{"start":{"line":226,"column":0},"end":{"line":228,"column":null}}},"11":{"name":"set","decl":{"start":{"line":229,"column":0},"end":{"line":229,"column":null}},"loc":{"start":{"line":229,"column":0},"end":{"line":231,"column":null}}},"12":{"name":"mounted","decl":{"start":{"line":234,"column":0},"end":{"line":234,"column":null}},"loc":{"start":{"line":234,"column":0},"end":{"line":236,"column":null}}},"13":{"name":"selectAll","decl":{"start":{"line":238,"column":0},"end":{"line":238,"column":null}},"loc":{"start":{"line":238,"column":0},"end":{"line":244,"column":null}}},"14":{"name":"selectNone","decl":{"start":{"line":245,"column":0},"end":{"line":245,"column":null}},"loc":{"start":{"line":245,"column":0},"end":{"line":247,"column":null}}},"15":{"name":"invertSelection","decl":{"start":{"line":248,"column":0},"end":{"line":248,"column":null}},"loc":{"start":{"line":248,"column":0},"end":{"line":250,"column":null}}},"16":{"name":"(anonymous_17)","decl":{"start":{"line":249,"column":0},"end":{"line":249,"column":null}},"loc":{"start":{"line":249,"column":0},"end":{"line":249,"column":null}}},"17":{"name":"removeUnselected","decl":{"start":{"line":251,"column":0},"end":{"line":251,"column":null}},"loc":{"start":{"line":251,"column":0},"end":{"line":257,"column":null}}},"18":{"name":"showLog","decl":{"start":{"line":258,"column":0},"end":{"line":258,"column":null}},"loc":{"start":{"line":258,"column":0},"end":{"line":261,"column":null}}},"19":{"name":"showDir","decl":{"start":{"line":262,"column":0},"end":{"line":262,"column":null}},"loc":{"start":{"line":262,"column":0},"end":{"line":264,"column":null}}},"20":{"name":"preview","decl":{"start":{"line":265,"column":0},"end":{"line":265,"column":null}},"loc":{"start":{"line":265,"column":0},"end":{"line":273,"column":null}}},"21":{"name":"processFile","decl":{"start":{"line":275,"column":0},"end":{"line":275,"column":null}},"loc":{"start":{"line":275,"column":0},"end":{"line":436,"column":null}}},"22":{"name":"notify","decl":{"start":{"line":291,"column":0},"end":{"line":291,"column":null}},"loc":{"start":{"line":291,"column":0},"end":{"line":295,"column":null}}},"23":{"name":"containsEml","decl":{"start":{"line":350,"column":0},"end":{"line":350,"column":null}},"loc":{"start":{"line":350,"column":0},"end":{"line":360,"column":null}}},"24":{"name":"domDecoder","decl":{"start":{"line":364,"column":0},"end":{"line":364,"column":null}},"loc":{"start":{"line":364,"column":0},"end":{"line":368,"column":null}}},"25":{"name":"(anonymous_26)","decl":{"start":{"line":372,"column":0},"end":{"line":372,"column":null}},"loc":{"start":{"line":372,"column":0},"end":{"line":425,"column":null}}},"26":{"name":"(anonymous_27)","decl":{"start":{"line":412,"column":0},"end":{"line":412,"column":null}},"loc":{"start":{"line":412,"column":0},"end":{"line":414,"column":null}}},"27":{"name":"(anonymous_28)","decl":{"start":{"line":415,"column":0},"end":{"line":415,"column":null}},"loc":{"start":{"line":415,"column":0},"end":{"line":417,"column":null}}},"28":{"name":"(anonymous_29)","decl":{"start":{"line":418,"column":0},"end":{"line":418,"column":null}},"loc":{"start":{"line":418,"column":0},"end":{"line":420,"column":null}}},"29":{"name":"(anonymous_30)","decl":{"start":{"line":425,"column":0},"end":{"line":425,"column":null}},"loc":{"start":{"line":425,"column":0},"end":{"line":429,"column":null}}},"30":{"name":"(anonymous_31)","decl":{"start":{"line":429,"column":0},"end":{"line":429,"column":null}},"loc":{"start":{"line":429,"column":0},"end":{"line":435,"column":null}}}},"branchMap":{"0":{"loc":{"start":{"line":195,"column":0},"end":{"line":197,"column":null}},"type":"if","locations":[{"start":{"line":195,"column":0},"end":{"line":197,"column":null}},{"start":{"line":195,"column":0},"end":{"line":197,"column":null}}]},"1":{"loc":{"start":{"line":269,"column":0},"end":{"line":272,"column":null}},"type":"if","locations":[{"start":{"line":269,"column":0},"end":{"line":272,"column":null}},{"start":{"line":269,"column":0},"end":{"line":272,"column":null}}]},"2":{"loc":{"start":{"line":283,"column":0},"end":{"line":286,"column":null}},"type":"if","locations":[{"start":{"line":283,"column":0},"end":{"line":286,"column":null}},{"start":{"line":283,"column":0},"end":{"line":286,"column":null}}]},"3":{"loc":{"start":{"line":311,"column":0},"end":{"line":341,"column":null}},"type":"if","locations":[{"start":{"line":311,"column":0},"end":{"line":341,"column":null}},{"start":{"line":311,"column":0},"end":{"line":341,"column":null}}]},"4":{"loc":{"start":{"line":320,"column":0},"end":{"line":340,"column":null}},"type":"if","locations":[{"start":{"line":320,"column":0},"end":{"line":340,"column":null}},{"start":{"line":320,"column":0},"end":{"line":340,"column":null}}]},"5":{"loc":{"start":{"line":321,"column":0},"end":{"line":332,"column":null}},"type":"if","locations":[{"start":{"line":321,"column":0},"end":{"line":332,"column":null}},{"start":{"line":321,"column":0},"end":{"line":332,"column":null}}]},"6":{"loc":{"start":{"line":354,"column":0},"end":{"line":356,"column":null}},"type":"if","locations":[{"start":{"line":354,"column":0},"end":{"line":356,"column":null}},{"start":{"line":354,"column":0},"end":{"line":356,"column":null}}]},"7":{"loc":{"start":{"line":381,"column":0},"end":{"line":383,"column":null}},"type":"if","locations":[{"start":{"line":381,"column":0},"end":{"line":383,"column":null}},{"start":{"line":381,"column":0},"end":{"line":383,"column":null}}]},"8":{"loc":{"start":{"line":384,"column":0},"end":{"line":386,"column":null}},"type":"if","locations":[{"start":{"line":384,"column":0},"end":{"line":386,"column":null}},{"start":{"line":384,"column":0},"end":{"line":386,"column":null}}]},"9":{"loc":{"start":{"line":388,"column":0},"end":{"line":393,"column":null}},"type":"if","locations":[{"start":{"line":388,"column":0},"end":{"line":393,"column":null}},{"start":{"line":388,"column":0},"end":{"line":393,"column":null}}]},"10":{"loc":{"start":{"line":390,"column":0},"end":{"line":392,"column":null}},"type":"if","locations":[{"start":{"line":390,"column":0},"end":{"line":392,"column":null}},{"start":{"line":390,"column":0},"end":{"line":392,"column":null}}]},"11":{"loc":{"start":{"line":390,"column":0},"end":{"line":390,"column":null}},"type":"binary-expr","locations":[{"start":{"line":390,"column":0},"end":{"line":390,"column":null}},{"start":{"line":390,"column":0},"end":{"line":390,"column":null}}]},"12":{"loc":{"start":{"line":397,"column":0},"end":{"line":397,"column":null}},"type":"cond-expr","locations":[{"start":{"line":397,"column":0},"end":{"line":397,"column":null}},{"start":{"line":397,"column":0},"end":{"line":397,"column":null}}]},"13":{"loc":{"start":{"line":398,"column":0},"end":{"line":398,"column":null}},"type":"cond-expr","locations":[{"start":{"line":398,"column":0},"end":{"line":398,"column":null}},{"start":{"line":398,"column":0},"end":{"line":398,"column":null}}]},"14":{"loc":{"start":{"line":399,"column":0},"end":{"line":399,"column":null}},"type":"cond-expr","locations":[{"start":{"line":399,"column":0},"end":{"line":399,"column":null}},{"start":{"line":399,"column":0},"end":{"line":399,"column":null}}]},"15":{"loc":{"start":{"line":411,"column":0},"end":{"line":424,"column":null}},"type":"if","locations":[{"start":{"line":411,"column":0},"end":{"line":424,"column":null}},{"start":{"line":411,"column":0},"end":{"line":424,"column":null}}]}},"s":{"0":0,"1":0,"2":0,"3":0,"4":0,"5":0,"6":0,"7":0,"8":0,"9":0,"10":0,"11":0,"12":0,"13":0,"14":0,"15":0,"16":0,"17":0,"18":0,"19":0,"20":0,"21":0,"22":0,"23":0,"24":0,"25":0,"26":0,"27":0,"28":0,"29":0,"30":0,"31":0,"32":0,"33":0,"34":0,"35":0,"36":0,"37":0,"38":0,"39":0,"40":0,"41":0,"42":0,"43":0,"44":0,"45":0,"46":0,"47":0,"48":0,"49":0,"50":0,"51":0,"52":0,"53":0,"54":0,"55":0,"56":0,"57":0,"58":0,"59":0,"60":0,"61":0,"62":0,"63":0,"64":0,"65":0,"66":0,"67":0,"68":0,"69":0,"70":0,"71":0,"72":0,"73":0,"74":0,"75":0,"76":0,"77":0,"78":0,"79":0,"80":0,"81":0,"82":0,"83":0,"84":0,"85":0,"86":0,"87":0,"88":0,"89":0,"90":0,"91":0,"92":0,"93":0,"94":0,"95":0,"96":0,"97":0,"98":0,"99":0,"100":0,"101":0,"102":0,"103":0,"104":0,"105":0,"106":0,"107":0,"108":0,"109":0,"110":0,"111":0,"112":0,"113":0,"114":0,"115":0,"116":0,"117":0,"118":0,"119":0,"120":0,"121":0,"122":0},"f":{"0":0,"1":0,"2":0,"3":0,"4":0,"5":0,"6":0,"7":0,"8":0,"9":0,"10":0,"11":0,"12":0,"13":0,"14":0,"15":0,"16":0,"17":0,"18":0,"19":0,"20":0,"21":0,"22":0,"23":0,"24":0,"25":0,"26":0,"27":0,"28":0,"29":0,"30":0},"b":{"0":[0,0],"1":[0,0],"2":[0,0],"3":[0,0],"4":[0,0],"5":[0,0],"6":[0,0],"7":[0,0],"8":[0,0],"9":[0,0],"10":[0,0],"11":[0,0],"12":[0,0],"13":[0,0],"14":[0,0],"15":[0,0]}}
,"/Users/priebe/git/diesel/source/wral/applications/javascript/mailshredder/src/components/StepSetup.vue": {"path":"/Users/priebe/git/diesel/source/wral/applications/javascript/mailshredder/src/components/StepSetup.vue","statementMap":{"0":{"start":{"line":54,"column":0},"end":{"line":54,"column":null}},"1":{"start":{"line":55,"column":0},"end":{"line":55,"column":null}},"2":{"start":{"line":56,"column":0},"end":{"line":56,"column":null}},"3":{"start":{"line":62,"column":0},"end":{"line":62,"column":null}},"4":{"start":{"line":73,"column":0},"end":{"line":73,"column":null}},"5":{"start":{"line":76,"column":0},"end":{"line":76,"column":null}},"6":{"start":{"line":81,"column":0},"end":{"line":81,"column":null}},"7":{"start":{"line":84,"column":0},"end":{"line":84,"column":null}},"8":{"start":{"line":89,"column":0},"end":{"line":89,"column":null}},"9":{"start":{"line":92,"column":0},"end":{"line":92,"column":null}},"10":{"start":{"line":97,"column":0},"end":{"line":97,"column":null}},"11":{"start":{"line":100,"column":0},"end":{"line":100,"column":null}},"12":{"start":{"line":105,"column":0},"end":{"line":105,"column":null}},"13":{"start":{"line":108,"column":0},"end":{"line":108,"column":null}},"14":{"start":{"line":113,"column":0},"end":{"line":113,"column":null}},"15":{"start":{"line":116,"column":0},"end":{"line":116,"column":null}},"16":{"start":{"line":121,"column":0},"end":{"line":121,"column":null}},"17":{"start":{"line":122,"column":0},"end":{"line":122,"column":null}},"18":{"start":{"line":131,"column":0},"end":{"line":136,"column":null}},"19":{"start":{"line":132,"column":0},"end":{"line":135,"column":null}},"20":{"start":{"line":133,"column":0},"end":{"line":133,"column":null}},"21":{"start":{"line":134,"column":0},"end":{"line":134,"column":null}},"22":{"start":{"line":138,"column":0},"end":{"line":138,"column":null}},"23":{"start":{"line":139,"column":0},"end":{"line":139,"column":null}},"24":{"start":{"line":140,"column":0},"end":{"line":146,"column":null}},"25":{"start":{"line":141,"column":0},"end":{"line":141,"column":null}},"26":{"start":{"line":145,"column":0},"end":{"line":145,"column":null}},"27":{"start":{"line":148,"column":0},"end":{"line":163,"column":null}},"28":{"start":{"line":149,"column":0},"end":{"line":155,"column":null}},"29":{"start":{"line":150,"column":0},"end":{"line":150,"column":null}},"30":{"start":{"line":154,"column":0},"end":{"line":154,"column":null}},"31":{"start":{"line":156,"column":0},"end":{"line":162,"column":null}},"32":{"start":{"line":157,"column":0},"end":{"line":157,"column":null}},"33":{"start":{"line":161,"column":0},"end":{"line":161,"column":null}},"34":{"start":{"line":165,"column":0},"end":{"line":165,"column":null}},"35":{"start":{"line":171,"column":0},"end":{"line":181,"column":null}},"36":{"start":{"line":172,"column":0},"end":{"line":172,"column":null}},"37":{"start":{"line":177,"column":0},"end":{"line":177,"column":null}}},"fnMap":{"0":{"name":"data","decl":{"start":{"line":62,"column":0},"end":{"line":62,"column":null}},"loc":{"start":{"line":62,"column":0},"end":{"line":62,"column":null}}},"1":{"name":"get","decl":{"start":{"line":72,"column":0},"end":{"line":72,"column":null}},"loc":{"start":{"line":72,"column":0},"end":{"line":74,"column":null}}},"2":{"name":"set","decl":{"start":{"line":75,"column":0},"end":{"line":75,"column":null}},"loc":{"start":{"line":75,"column":0},"end":{"line":77,"column":null}}},"3":{"name":"get","decl":{"start":{"line":80,"column":0},"end":{"line":80,"column":null}},"loc":{"start":{"line":80,"column":0},"end":{"line":82,"column":null}}},"4":{"name":"set","decl":{"start":{"line":83,"column":0},"end":{"line":83,"column":null}},"loc":{"start":{"line":83,"column":0},"end":{"line":85,"column":null}}},"5":{"name":"get","decl":{"start":{"line":88,"column":0},"end":{"line":88,"column":null}},"loc":{"start":{"line":88,"column":0},"end":{"line":90,"column":null}}},"6":{"name":"set","decl":{"start":{"line":91,"column":0},"end":{"line":91,"column":null}},"loc":{"start":{"line":91,"column":0},"end":{"line":93,"column":null}}},"7":{"name":"get","decl":{"start":{"line":96,"column":0},"end":{"line":96,"column":null}},"loc":{"start":{"line":96,"column":0},"end":{"line":98,"column":null}}},"8":{"name":"set","decl":{"start":{"line":99,"column":0},"end":{"line":99,"column":null}},"loc":{"start":{"line":99,"column":0},"end":{"line":101,"column":null}}},"9":{"name":"get","decl":{"start":{"line":104,"column":0},"end":{"line":104,"column":null}},"loc":{"start":{"line":104,"column":0},"end":{"line":106,"column":null}}},"10":{"name":"set","decl":{"start":{"line":107,"column":0},"end":{"line":107,"column":null}},"loc":{"start":{"line":107,"column":0},"end":{"line":109,"column":null}}},"11":{"name":"get","decl":{"start":{"line":112,"column":0},"end":{"line":112,"column":null}},"loc":{"start":{"line":112,"column":0},"end":{"line":114,"column":null}}},"12":{"name":"set","decl":{"start":{"line":115,"column":0},"end":{"line":115,"column":null}},"loc":{"start":{"line":115,"column":0},"end":{"line":117,"column":null}}},"13":{"name":"browseForFile","decl":{"start":{"line":121,"column":0},"end":{"line":121,"column":null}},"loc":{"start":{"line":121,"column":0},"end":{"line":137,"column":null}}},"14":{"name":"(anonymous_15)","decl":{"start":{"line":131,"column":0},"end":{"line":131,"column":null}},"loc":{"start":{"line":131,"column":0},"end":{"line":136,"column":null}}},"15":{"name":"validate","decl":{"start":{"line":138,"column":0},"end":{"line":138,"column":null}},"loc":{"start":{"line":138,"column":0},"end":{"line":182,"column":null}}},"16":{"name":"(anonymous_17)","decl":{"start":{"line":171,"column":0},"end":{"line":171,"column":null}},"loc":{"start":{"line":171,"column":0},"end":{"line":176,"column":null}}},"17":{"name":"(anonymous_18)","decl":{"start":{"line":176,"column":0},"end":{"line":176,"column":null}},"loc":{"start":{"line":176,"column":0},"end":{"line":181,"column":null}}}},"branchMap":{"0":{"loc":{"start":{"line":132,"column":0},"end":{"line":135,"column":null}},"type":"if","locations":[{"start":{"line":132,"column":0},"end":{"line":135,"column":null}},{"start":{"line":132,"column":0},"end":{"line":135,"column":null}}]},"1":{"loc":{"start":{"line":132,"column":0},"end":{"line":132,"column":null}},"type":"binary-expr","locations":[{"start":{"line":132,"column":0},"end":{"line":132,"column":null}},{"start":{"line":132,"column":0},"end":{"line":132,"column":null}}]},"2":{"loc":{"start":{"line":140,"column":0},"end":{"line":146,"column":null}},"type":"if","locations":[{"start":{"line":140,"column":0},"end":{"line":146,"column":null}},{"start":{"line":140,"column":0},"end":{"line":146,"column":null}}]},"3":{"loc":{"start":{"line":148,"column":0},"end":{"line":163,"column":null}},"type":"if","locations":[{"start":{"line":148,"column":0},"end":{"line":163,"column":null}},{"start":{"line":148,"column":0},"end":{"line":163,"column":null}}]},"4":{"loc":{"start":{"line":149,"column":0},"end":{"line":155,"column":null}},"type":"if","locations":[{"start":{"line":149,"column":0},"end":{"line":155,"column":null}},{"start":{"line":149,"column":0},"end":{"line":155,"column":null}}]},"5":{"loc":{"start":{"line":156,"column":0},"end":{"line":162,"column":null}},"type":"if","locations":[{"start":{"line":156,"column":0},"end":{"line":162,"column":null}},{"start":{"line":156,"column":0},"end":{"line":162,"column":null}}]}},"s":{"0":0,"1":0,"2":0,"3":0,"4":0,"5":0,"6":0,"7":0,"8":0,"9":0,"10":0,"11":0,"12":0,"13":0,"14":0,"15":0,"16":0,"17":0,"18":0,"19":0,"20":0,"21":0,"22":0,"23":0,"24":0,"25":0,"26":0,"27":0,"28":0,"29":0,"30":0,"31":0,"32":0,"33":0,"34":0,"35":0,"36":0,"37":0},"f":{"0":0,"1":0,"2":0,"3":0,"4":0,"5":0,"6":0,"7":0,"8":0,"9":0,"10":0,"11":0,"12":0,"13":0,"14":0,"15":0,"16":0,"17":0},"b":{"0":[0,0],"1":[0,0],"2":[0,0],"3":[0,0],"4":[0,0],"5":[0,0]}}
,"/Users/priebe/git/diesel/source/wral/applications/javascript/mailshredder/src/components/StepUpload.vue": {"path":"/Users/priebe/git/diesel/source/wral/applications/javascript/mailshredder/src/components/StepUpload.vue","statementMap":{"0":{"start":{"line":12,"column":0},"end":{"line":12,"column":null}},"1":{"start":{"line":18,"column":0},"end":{"line":18,"column":null}},"2":{"start":{"line":24,"column":0},"end":{"line":24,"column":null}},"3":{"start":{"line":27,"column":0},"end":{"line":27,"column":null}},"4":{"start":{"line":28,"column":0},"end":{"line":28,"column":null}},"5":{"start":{"line":29,"column":0},"end":{"line":29,"column":null}},"6":{"start":{"line":31,"column":0},"end":{"line":31,"column":null}},"7":{"start":{"line":33,"column":0},"end":{"line":33,"column":null}},"8":{"start":{"line":35,"column":0},"end":{"line":35,"column":null}},"9":{"start":{"line":36,"column":0},"end":{"line":40,"column":null}},"10":{"start":{"line":36,"column":0},"end":{"line":36,"column":null}},"11":{"start":{"line":37,"column":0},"end":{"line":37,"column":null}},"12":{"start":{"line":38,"column":0},"end":{"line":38,"column":null}},"13":{"start":{"line":39,"column":0},"end":{"line":39,"column":null}},"14":{"start":{"line":42,"column":0},"end":{"line":42,"column":null}},"15":{"start":{"line":48,"column":0},"end":{"line":48,"column":null}},"16":{"start":{"line":49,"column":0},"end":{"line":49,"column":null}},"17":{"start":{"line":50,"column":0},"end":{"line":54,"column":null}},"18":{"start":{"line":51,"column":0},"end":{"line":51,"column":null}},"19":{"start":{"line":52,"column":0},"end":{"line":52,"column":null}},"20":{"start":{"line":53,"column":0},"end":{"line":53,"column":null}},"21":{"start":{"line":56,"column":0},"end":{"line":60,"column":null}},"22":{"start":{"line":57,"column":0},"end":{"line":57,"column":null}},"23":{"start":{"line":59,"column":0},"end":{"line":59,"column":null}}},"fnMap":{"0":{"name":"data","decl":{"start":{"line":18,"column":0},"end":{"line":18,"column":null}},"loc":{"start":{"line":18,"column":0},"end":{"line":18,"column":null}}},"1":{"name":"mounted","decl":{"start":{"line":23,"column":0},"end":{"line":23,"column":null}},"loc":{"start":{"line":23,"column":0},"end":{"line":25,"column":null}}},"2":{"name":"uploadFiles","decl":{"start":{"line":27,"column":0},"end":{"line":27,"column":null}},"loc":{"start":{"line":27,"column":0},"end":{"line":61,"column":null}}},"3":{"name":"(anonymous_4)","decl":{"start":{"line":50,"column":0},"end":{"line":50,"column":null}},"loc":{"start":{"line":50,"column":0},"end":{"line":54,"column":null}}},"4":{"name":"(anonymous_5)","decl":{"start":{"line":56,"column":0},"end":{"line":56,"column":null}},"loc":{"start":{"line":56,"column":0},"end":{"line":58,"column":null}}},"5":{"name":"(anonymous_6)","decl":{"start":{"line":58,"column":0},"end":{"line":58,"column":null}},"loc":{"start":{"line":58,"column":0},"end":{"line":60,"column":null}}}},"branchMap":{},"s":{"0":0,"1":0,"2":0,"3":0,"4":0,"5":0,"6":0,"7":0,"8":0,"9":0,"10":0,"11":0,"12":0,"13":0,"14":0,"15":0,"16":0,"17":0,"18":0,"19":0,"20":0,"21":0,"22":0,"23":0},"f":{"0":0,"1":0,"2":0,"3":0,"4":0,"5":0},"b":{}}
,"/Users/priebe/git/diesel/source/wral/applications/javascript/mailshredder/src/layouts/MyLayout.vue": {"path":"/Users/priebe/git/diesel/source/wral/applications/javascript/mailshredder/src/layouts/MyLayout.vue","statementMap":{"0":{"start":{"line":10,"column":0},"end":{"line":10,"column":null}},"1":{"start":{"line":15,"column":0},"end":{"line":15,"column":null}}},"fnMap":{"0":{"name":"data","decl":{"start":{"line":14,"column":0},"end":{"line":14,"column":null}},"loc":{"start":{"line":14,"column":0},"end":{"line":18,"column":null}}}},"branchMap":{},"s":{"0":0,"1":0},"f":{"0":0},"b":{}}
,"/Users/priebe/git/diesel/source/wral/applications/javascript/mailshredder/src/lib/readers/MonolithicPdfReader.js": {"path":"/Users/priebe/git/diesel/source/wral/applications/javascript/mailshredder/src/lib/readers/MonolithicPdfReader.js","statementMap":{"0":{"start":{"line":1,"column":11},"end":{"line":1,"column":24}},"1":{"start":{"line":2,"column":13},"end":{"line":2,"column":28}},"2":{"start":{"line":4,"column":30},"end":{"line":4,"column":82}},"3":{"start":{"line":8,"column":26},"end":{"line":219,"column":1}},"4":{"start":{"line":9,"column":17},"end":{"line":27,"column":3}},"5":{"start":{"line":29,"column":16},"end":{"line":29,"column":34}},"6":{"start":{"line":31,"column":2},"end":{"line":31,"column":33}},"7":{"start":{"line":33,"column":16},"end":{"line":33,"column":18}},"8":{"start":{"line":34,"column":25},"end":{"line":34,"column":29}},"9":{"start":{"line":35,"column":21},"end":{"line":35,"column":25}},"10":{"start":{"line":36,"column":30},"end":{"line":36,"column":31}},"11":{"start":{"line":37,"column":33},"end":{"line":37,"column":34}},"12":{"start":{"line":38,"column":38},"end":{"line":38,"column":39}},"13":{"start":{"line":39,"column":23},"end":{"line":39,"column":28}},"14":{"start":{"line":40,"column":18},"end":{"line":40,"column":19}},"15":{"start":{"line":41,"column":18},"end":{"line":46,"column":3}},"16":{"start":{"line":47,"column":16},"end":{"line":47,"column":18}},"17":{"start":{"line":49,"column":2},"end":{"line":51,"column":3}},"18":{"start":{"line":50,"column":4},"end":{"line":50,"column":58}},"19":{"start":{"line":53,"column":2},"end":{"line":55,"column":3}},"20":{"start":{"line":54,"column":4},"end":{"line":54,"column":70}},"21":{"start":{"line":57,"column":2},"end":{"line":60,"column":3}},"22":{"start":{"line":58,"column":4},"end":{"line":58,"column":47}},"23":{"start":{"line":59,"column":4},"end":{"line":59,"column":34}},"24":{"start":{"line":62,"column":13},"end":{"line":62,"column":37}},"25":{"start":{"line":63,"column":13},"end":{"line":63,"column":27}},"26":{"start":{"line":66,"column":4},"end":{"line":68,"column":5}},"27":{"start":{"line":67,"column":6},"end":{"line":67,"column":12}},"28":{"start":{"line":70,"column":4},"end":{"line":70,"column":56}},"29":{"start":{"line":72,"column":4},"end":{"line":74,"column":5}},"30":{"start":{"line":73,"column":6},"end":{"line":73,"column":12}},"31":{"start":{"line":76,"column":21},"end":{"line":76,"column":40}},"32":{"start":{"line":77,"column":4},"end":{"line":77,"column":50}},"33":{"start":{"line":79,"column":4},"end":{"line":110,"column":5}},"34":{"start":{"line":80,"column":6},"end":{"line":80,"column":66}},"35":{"start":{"line":82,"column":16},"end":{"line":82,"column":29}},"36":{"start":{"line":83,"column":18},"end":{"line":83,"column":31}},"37":{"start":{"line":84,"column":20},"end":{"line":84,"column":33}},"38":{"start":{"line":86,"column":6},"end":{"line":93,"column":7}},"39":{"start":{"line":87,"column":8},"end":{"line":89,"column":9}},"40":{"start":{"line":90,"column":8},"end":{"line":92,"column":9}},"41":{"start":{"line":96,"column":6},"end":{"line":98,"column":7}},"42":{"start":{"line":97,"column":8},"end":{"line":97,"column":45}},"43":{"start":{"line":101,"column":6},"end":{"line":105,"column":8}},"44":{"start":{"line":107,"column":6},"end":{"line":109,"column":7}},"45":{"start":{"line":108,"column":8},"end":{"line":108,"column":29}},"46":{"start":{"line":112,"column":4},"end":{"line":131,"column":5}},"47":{"start":{"line":113,"column":6},"end":{"line":113,"column":29}},"48":{"start":{"line":114,"column":6},"end":{"line":114,"column":39}},"49":{"start":{"line":116,"column":6},"end":{"line":116,"column":32}},"50":{"start":{"line":117,"column":6},"end":{"line":117,"column":37}},"51":{"start":{"line":119,"column":6},"end":{"line":130,"column":7}},"52":{"start":{"line":120,"column":8},"end":{"line":128,"column":9}},"53":{"start":{"line":121,"column":10},"end":{"line":123,"column":11}},"54":{"start":{"line":122,"column":12},"end":{"line":122,"column":18}},"55":{"start":{"line":125,"column":10},"end":{"line":127,"column":11}},"56":{"start":{"line":126,"column":12},"end":{"line":126,"column":18}},"57":{"start":{"line":129,"column":8},"end":{"line":129,"column":29}},"58":{"start":{"line":135,"column":4},"end":{"line":135,"column":56}},"59":{"start":{"line":137,"column":16},"end":{"line":137,"column":46}},"60":{"start":{"line":139,"column":4},"end":{"line":146,"column":5}},"61":{"start":{"line":140,"column":6},"end":{"line":140,"column":28}},"62":{"start":{"line":141,"column":6},"end":{"line":141,"column":26}},"63":{"start":{"line":142,"column":6},"end":{"line":142,"column":26}},"64":{"start":{"line":143,"column":6},"end":{"line":143,"column":32}},"65":{"start":{"line":145,"column":6},"end":{"line":145,"column":39}},"66":{"start":{"line":150,"column":4},"end":{"line":150,"column":26}},"67":{"start":{"line":152,"column":4},"end":{"line":154,"column":5}},"68":{"start":{"line":153,"column":6},"end":{"line":153,"column":18}},"69":{"start":{"line":156,"column":4},"end":{"line":156,"column":15}},"70":{"start":{"line":157,"column":4},"end":{"line":157,"column":101}},"71":{"start":{"line":158,"column":4},"end":{"line":158,"column":38}},"72":{"start":{"line":159,"column":4},"end":{"line":165,"column":5}},"73":{"start":{"line":166,"column":4},"end":{"line":166,"column":29}},"74":{"start":{"line":167,"column":4},"end":{"line":167,"column":32}},"75":{"start":{"line":168,"column":4},"end":{"line":168,"column":37}},"76":{"start":{"line":169,"column":4},"end":{"line":169,"column":26}},"77":{"start":{"line":173,"column":4},"end":{"line":177,"column":5}},"78":{"start":{"line":174,"column":6},"end":{"line":176,"column":7}},"79":{"start":{"line":178,"column":4},"end":{"line":178,"column":29}},"80":{"start":{"line":182,"column":4},"end":{"line":190,"column":5}},"81":{"start":{"line":183,"column":6},"end":{"line":183,"column":28}},"82":{"start":{"line":184,"column":11},"end":{"line":190,"column":5}},"83":{"start":{"line":185,"column":6},"end":{"line":185,"column":21}},"84":{"start":{"line":186,"column":11},"end":{"line":190,"column":5}},"85":{"start":{"line":187,"column":6},"end":{"line":187,"column":23}},"86":{"start":{"line":188,"column":11},"end":{"line":190,"column":5}},"87":{"start":{"line":189,"column":6},"end":{"line":189,"column":23}},"88":{"start":{"line":193,"column":2},"end":{"line":218,"column":3}},"89":{"start":{"line":194,"column":4},"end":{"line":194,"column":16}},"90":{"start":{"line":196,"column":12},"end":{"line":199,"column":6}},"91":{"start":{"line":197,"column":6},"end":{"line":197,"column":32}},"92":{"start":{"line":198,"column":6},"end":{"line":198,"column":27}},"93":{"start":{"line":201,"column":4},"end":{"line":201,"column":66}},"94":{"start":{"line":203,"column":4},"end":{"line":215,"column":5}},"95":{"start":{"line":204,"column":15},"end":{"line":204,"column":39}},"96":{"start":{"line":206,"column":6},"end":{"line":206,"column":53}},"97":{"start":{"line":207,"column":6},"end":{"line":211,"column":8}},"98":{"start":{"line":208,"column":8},"end":{"line":208,"column":50}},"99":{"start":{"line":209,"column":8},"end":{"line":209,"column":68}},"100":{"start":{"line":210,"column":8},"end":{"line":210,"column":44}},"101":{"start":{"line":213,"column":6},"end":{"line":213,"column":66}},"102":{"start":{"line":214,"column":6},"end":{"line":214,"column":42}},"103":{"start":{"line":217,"column":4},"end":{"line":217,"column":12}}},"fnMap":{"0":{"name":"(anonymous_0)","decl":{"start":{"line":8,"column":26},"end":{"line":8,"column":27}},"loc":{"start":{"line":8,"column":44},"end":{"line":219,"column":1}},"line":8},"1":{"name":"processLine","decl":{"start":{"line":65,"column":11},"end":{"line":65,"column":22}},"loc":{"start":{"line":65,"column":30},"end":{"line":132,"column":3}},"line":65},"2":{"name":"processText","decl":{"start":{"line":134,"column":11},"end":{"line":134,"column":22}},"loc":{"start":{"line":134,"column":30},"end":{"line":147,"column":3}},"line":134},"3":{"name":"processPage","decl":{"start":{"line":149,"column":11},"end":{"line":149,"column":22}},"loc":{"start":{"line":149,"column":30},"end":{"line":170,"column":3}},"line":149},"4":{"name":"finishParsing","decl":{"start":{"line":172,"column":11},"end":{"line":172,"column":24}},"loc":{"start":{"line":172,"column":28},"end":{"line":179,"column":3}},"line":172},"5":{"name":"onPdfItem","decl":{"start":{"line":181,"column":11},"end":{"line":181,"column":20}},"loc":{"start":{"line":181,"column":33},"end":{"line":191,"column":3}},"line":181},"6":{"name":"(anonymous_6)","decl":{"start":{"line":193,"column":14},"end":{"line":193,"column":15}},"loc":{"start":{"line":193,"column":26},"end":{"line":218,"column":3}},"line":193},"7":{"name":"(anonymous_7)","decl":{"start":{"line":196,"column":24},"end":{"line":196,"column":25}},"loc":{"start":{"line":196,"column":51},"end":{"line":199,"column":5}},"line":196},"8":{"name":"(anonymous_8)","decl":{"start":{"line":207,"column":58},"end":{"line":207,"column":59}},"loc":{"start":{"line":207,"column":70},"end":{"line":211,"column":7}},"line":207}},"branchMap":{"0":{"loc":{"start":{"line":49,"column":2},"end":{"line":51,"column":3}},"type":"if","locations":[{"start":{"line":49,"column":2},"end":{"line":51,"column":3}},{"start":{"line":49,"column":2},"end":{"line":51,"column":3}}],"line":49},"1":{"loc":{"start":{"line":53,"column":2},"end":{"line":55,"column":3}},"type":"if","locations":[{"start":{"line":53,"column":2},"end":{"line":55,"column":3}},{"start":{"line":53,"column":2},"end":{"line":55,"column":3}}],"line":53},"2":{"loc":{"start":{"line":57,"column":2},"end":{"line":60,"column":3}},"type":"if","locations":[{"start":{"line":57,"column":2},"end":{"line":60,"column":3}},{"start":{"line":57,"column":2},"end":{"line":60,"column":3}}],"line":57},"3":{"loc":{"start":{"line":66,"column":4},"end":{"line":68,"column":5}},"type":"if","locations":[{"start":{"line":66,"column":4},"end":{"line":68,"column":5}},{"start":{"line":66,"column":4},"end":{"line":68,"column":5}}],"line":66},"4":{"loc":{"start":{"line":72,"column":4},"end":{"line":74,"column":5}},"type":"if","locations":[{"start":{"line":72,"column":4},"end":{"line":74,"column":5}},{"start":{"line":72,"column":4},"end":{"line":74,"column":5}}],"line":72},"5":{"loc":{"start":{"line":79,"column":4},"end":{"line":110,"column":5}},"type":"if","locations":[{"start":{"line":79,"column":4},"end":{"line":110,"column":5}},{"start":{"line":79,"column":4},"end":{"line":110,"column":5}}],"line":79},"6":{"loc":{"start":{"line":86,"column":6},"end":{"line":93,"column":7}},"type":"if","locations":[{"start":{"line":86,"column":6},"end":{"line":93,"column":7}},{"start":{"line":86,"column":6},"end":{"line":93,"column":7}}],"line":86},"7":{"loc":{"start":{"line":96,"column":6},"end":{"line":98,"column":7}},"type":"if","locations":[{"start":{"line":96,"column":6},"end":{"line":98,"column":7}},{"start":{"line":96,"column":6},"end":{"line":98,"column":7}}],"line":96},"8":{"loc":{"start":{"line":107,"column":6},"end":{"line":109,"column":7}},"type":"if","locations":[{"start":{"line":107,"column":6},"end":{"line":109,"column":7}},{"start":{"line":107,"column":6},"end":{"line":109,"column":7}}],"line":107},"9":{"loc":{"start":{"line":112,"column":4},"end":{"line":131,"column":5}},"type":"if","locations":[{"start":{"line":112,"column":4},"end":{"line":131,"column":5}},{"start":{"line":112,"column":4},"end":{"line":131,"column":5}}],"line":112},"10":{"loc":{"start":{"line":119,"column":6},"end":{"line":130,"column":7}},"type":"if","locations":[{"start":{"line":119,"column":6},"end":{"line":130,"column":7}},{"start":{"line":119,"column":6},"end":{"line":130,"column":7}}],"line":119},"11":{"loc":{"start":{"line":120,"column":8},"end":{"line":128,"column":9}},"type":"if","locations":[{"start":{"line":120,"column":8},"end":{"line":128,"column":9}},{"start":{"line":120,"column":8},"end":{"line":128,"column":9}}],"line":120},"12":{"loc":{"start":{"line":121,"column":10},"end":{"line":123,"column":11}},"type":"if","locations":[{"start":{"line":121,"column":10},"end":{"line":123,"column":11}},{"start":{"line":121,"column":10},"end":{"line":123,"column":11}}],"line":121},"13":{"loc":{"start":{"line":125,"column":10},"end":{"line":127,"column":11}},"type":"if","locations":[{"start":{"line":125,"column":10},"end":{"line":127,"column":11}},{"start":{"line":125,"column":10},"end":{"line":127,"column":11}}],"line":125},"14":{"loc":{"start":{"line":139,"column":4},"end":{"line":146,"column":5}},"type":"if","locations":[{"start":{"line":139,"column":4},"end":{"line":146,"column":5}},{"start":{"line":139,"column":4},"end":{"line":146,"column":5}}],"line":139},"15":{"loc":{"start":{"line":152,"column":4},"end":{"line":154,"column":5}},"type":"if","locations":[{"start":{"line":152,"column":4},"end":{"line":154,"column":5}},{"start":{"line":152,"column":4},"end":{"line":154,"column":5}}],"line":152},"16":{"loc":{"start":{"line":173,"column":4},"end":{"line":177,"column":5}},"type":"if","locations":[{"start":{"line":173,"column":4},"end":{"line":177,"column":5}},{"start":{"line":173,"column":4},"end":{"line":177,"column":5}}],"line":173},"17":{"loc":{"start":{"line":182,"column":4},"end":{"line":190,"column":5}},"type":"if","locations":[{"start":{"line":182,"column":4},"end":{"line":190,"column":5}},{"start":{"line":182,"column":4},"end":{"line":190,"column":5}}],"line":182},"18":{"loc":{"start":{"line":184,"column":11},"end":{"line":190,"column":5}},"type":"if","locations":[{"start":{"line":184,"column":11},"end":{"line":190,"column":5}},{"start":{"line":184,"column":11},"end":{"line":190,"column":5}}],"line":184},"19":{"loc":{"start":{"line":186,"column":11},"end":{"line":190,"column":5}},"type":"if","locations":[{"start":{"line":186,"column":11},"end":{"line":190,"column":5}},{"start":{"line":186,"column":11},"end":{"line":190,"column":5}}],"line":186},"20":{"loc":{"start":{"line":188,"column":11},"end":{"line":190,"column":5}},"type":"if","locations":[{"start":{"line":188,"column":11},"end":{"line":190,"column":5}},{"start":{"line":188,"column":11},"end":{"line":190,"column":5}}],"line":188},"21":{"loc":{"start":{"line":203,"column":4},"end":{"line":215,"column":5}},"type":"if","locations":[{"start":{"line":203,"column":4},"end":{"line":215,"column":5}},{"start":{"line":203,"column":4},"end":{"line":215,"column":5}}],"line":203}},"s":{"0":1,"1":1,"2":1,"3":1,"4":2,"5":2,"6":2,"7":2,"8":2,"9":2,"10":2,"11":2,"12":2,"13":2,"14":2,"15":2,"16":2,"17":2,"18":0,"19":2,"20":0,"21":2,"22":0,"23":0,"24":2,"25":2,"26":67665,"27":2025,"28":65640,"29":65640,"30":60652,"31":4988,"32":4988,"33":4988,"34":319,"35":319,"36":319,"37":319,"38":319,"39":319,"40":319,"41":319,"42":317,"43":319,"44":319,"45":319,"46":4988,"47":1683,"48":1683,"49":3305,"50":3305,"51":3305,"52":3305,"53":2833,"54":1489,"55":472,"56":410,"57":1406,"58":573989,"59":573989,"60":573989,"61":65641,"62":65641,"63":65641,"64":65641,"65":508348,"66":2024,"67":2024,"68":2024,"69":2024,"70":2024,"71":2024,"72":2024,"73":2024,"74":2024,"75":2024,"76":2024,"77":2,"78":2,"79":2,"80":576015,"81":0,"82":576015,"83":2,"84":576013,"85":2024,"86":573989,"87":573989,"88":2,"89":2,"90":2,"91":2,"92":2,"93":2,"94":2,"95":0,"96":0,"97":0,"98":0,"99":0,"100":0,"101":2,"102":2,"103":2},"f":{"0":2,"1":67665,"2":573989,"3":2024,"4":2,"5":576015,"6":2,"7":2,"8":0},"b":{"0":[0,2],"1":[0,2],"2":[0,2],"3":[2025,65640],"4":[60652,4988],"5":[319,4669],"6":[319,0],"7":[317,2],"8":[319,0],"9":[1683,3305],"10":[3305,0],"11":[2833,472],"12":[1489,1344],"13":[410,62],"14":[65641,508348],"15":[2024,0],"16":[2,0],"17":[0,576015],"18":[2,576013],"19":[2024,573989],"20":[573989,0],"21":[0,2]},"_coverageSchema":"43e27e138ebf9cfc5966b082cf9a028302ed4184","hash":"7c2acb38554a992c6bc9ba958e1e58c4bb29e894"}
,"/Users/priebe/git/diesel/source/wral/applications/javascript/mailshredder/src/lib/readers/MultipleEmlReader.js": {"path":"/Users/priebe/git/diesel/source/wral/applications/javascript/mailshredder/src/lib/readers/MultipleEmlReader.js","statementMap":{"0":{"start":{"line":1,"column":11},"end":{"line":1,"column":24}},"1":{"start":{"line":2,"column":13},"end":{"line":2,"column":28}},"2":{"start":{"line":3,"column":18},"end":{"line":3,"column":39}},"3":{"start":{"line":6,"column":30},"end":{"line":6,"column":82}},"4":{"start":{"line":8,"column":24},"end":{"line":276,"column":1}},"5":{"start":{"line":9,"column":17},"end":{"line":12,"column":3}},"6":{"start":{"line":14,"column":16},"end":{"line":14,"column":34}},"7":{"start":{"line":16,"column":2},"end":{"line":16,"column":33}},"8":{"start":{"line":18,"column":16},"end":{"line":18,"column":18}},"9":{"start":{"line":19,"column":25},"end":{"line":19,"column":29}},"10":{"start":{"line":20,"column":21},"end":{"line":20,"column":25}},"11":{"start":{"line":22,"column":20},"end":{"line":22,"column":22}},"12":{"start":{"line":24,"column":15},"end":{"line":24,"column":17}},"13":{"start":{"line":25,"column":17},"end":{"line":25,"column":18}},"14":{"start":{"line":27,"column":13},"end":{"line":27,"column":27}},"15":{"start":{"line":29,"column":2},"end":{"line":31,"column":3}},"16":{"start":{"line":30,"column":4},"end":{"line":30,"column":58}},"17":{"start":{"line":33,"column":2},"end":{"line":35,"column":3}},"18":{"start":{"line":34,"column":4},"end":{"line":34,"column":75}},"19":{"start":{"line":37,"column":2},"end":{"line":37,"column":53}},"20":{"start":{"line":38,"column":2},"end":{"line":38,"column":36}},"21":{"start":{"line":43,"column":18},"end":{"line":43,"column":20}},"22":{"start":{"line":45,"column":27},"end":{"line":52,"column":5}},"23":{"start":{"line":54,"column":4},"end":{"line":64,"column":5}},"24":{"start":{"line":54,"column":17},"end":{"line":54,"column":18}},"25":{"start":{"line":55,"column":14},"end":{"line":55,"column":33}},"26":{"start":{"line":56,"column":6},"end":{"line":63,"column":7}},"27":{"start":{"line":59,"column":8},"end":{"line":62,"column":9}},"28":{"start":{"line":66,"column":4},"end":{"line":66,"column":18}},"29":{"start":{"line":70,"column":4},"end":{"line":70,"column":37}},"30":{"start":{"line":71,"column":4},"end":{"line":73,"column":5}},"31":{"start":{"line":72,"column":6},"end":{"line":72,"column":78}},"32":{"start":{"line":74,"column":4},"end":{"line":74,"column":22}},"33":{"start":{"line":78,"column":21},"end":{"line":80,"column":6}},"34":{"start":{"line":79,"column":6},"end":{"line":79,"column":41}},"35":{"start":{"line":81,"column":4},"end":{"line":81,"column":21}},"36":{"start":{"line":85,"column":22},"end":{"line":91,"column":31}},"37":{"start":{"line":92,"column":4},"end":{"line":96,"column":5}},"38":{"start":{"line":93,"column":18},"end":{"line":93,"column":51}},"39":{"start":{"line":94,"column":18},"end":{"line":94,"column":34}},"40":{"start":{"line":95,"column":6},"end":{"line":95,"column":124}},"41":{"start":{"line":97,"column":4},"end":{"line":97,"column":43}},"42":{"start":{"line":99,"column":4},"end":{"line":99,"column":58}},"43":{"start":{"line":104,"column":13},"end":{"line":104,"column":32}},"44":{"start":{"line":105,"column":19},"end":{"line":105,"column":64}},"45":{"start":{"line":106,"column":4},"end":{"line":106,"column":35}},"46":{"start":{"line":108,"column":4},"end":{"line":108,"column":91}},"47":{"start":{"line":110,"column":4},"end":{"line":113,"column":5}},"48":{"start":{"line":111,"column":6},"end":{"line":111,"column":91}},"49":{"start":{"line":112,"column":6},"end":{"line":112,"column":15}},"50":{"start":{"line":115,"column":19},"end":{"line":115,"column":47}},"51":{"start":{"line":117,"column":23},"end":{"line":117,"column":25}},"52":{"start":{"line":119,"column":4},"end":{"line":147,"column":5}},"53":{"start":{"line":120,"column":6},"end":{"line":146,"column":7}},"54":{"start":{"line":120,"column":19},"end":{"line":120,"column":20}},"55":{"start":{"line":121,"column":16},"end":{"line":121,"column":38}},"56":{"start":{"line":122,"column":8},"end":{"line":124,"column":9}},"57":{"start":{"line":123,"column":10},"end":{"line":123,"column":18}},"58":{"start":{"line":126,"column":29},"end":{"line":126,"column":31}},"59":{"start":{"line":127,"column":22},"end":{"line":127,"column":57}},"60":{"start":{"line":128,"column":8},"end":{"line":145,"column":9}},"61":{"start":{"line":129,"column":21},"end":{"line":129,"column":31}},"62":{"start":{"line":130,"column":10},"end":{"line":130,"column":68}},"63":{"start":{"line":131,"column":10},"end":{"line":131,"column":52}},"64":{"start":{"line":132,"column":10},"end":{"line":132,"column":50}},"65":{"start":{"line":136,"column":10},"end":{"line":144,"column":11}},"66":{"start":{"line":137,"column":26},"end":{"line":137,"column":47}},"67":{"start":{"line":138,"column":12},"end":{"line":143,"column":13}},"68":{"start":{"line":139,"column":23},"end":{"line":139,"column":33}},"69":{"start":{"line":140,"column":24},"end":{"line":140,"column":35}},"70":{"start":{"line":141,"column":14},"end":{"line":141,"column":74}},"71":{"start":{"line":142,"column":14},"end":{"line":142,"column":38}},"72":{"start":{"line":149,"column":19},"end":{"line":149,"column":37}},"73":{"start":{"line":150,"column":19},"end":{"line":150,"column":21}},"74":{"start":{"line":151,"column":4},"end":{"line":172,"column":5}},"75":{"start":{"line":152,"column":6},"end":{"line":152,"column":29}},"76":{"start":{"line":154,"column":6},"end":{"line":156,"column":7}},"77":{"start":{"line":155,"column":8},"end":{"line":155,"column":85}},"78":{"start":{"line":159,"column":16},"end":{"line":159,"column":18}},"79":{"start":{"line":160,"column":6},"end":{"line":163,"column":7}},"80":{"start":{"line":161,"column":24},"end":{"line":161,"column":41}},"81":{"start":{"line":162,"column":8},"end":{"line":162,"column":54}},"82":{"start":{"line":165,"column":21},"end":{"line":165,"column":23}},"83":{"start":{"line":166,"column":6},"end":{"line":168,"column":7}},"84":{"start":{"line":167,"column":8},"end":{"line":167,"column":31}},"85":{"start":{"line":170,"column":6},"end":{"line":170,"column":64}},"86":{"start":{"line":171,"column":6},"end":{"line":171,"column":127}},"87":{"start":{"line":174,"column":4},"end":{"line":174,"column":52}},"88":{"start":{"line":175,"column":4},"end":{"line":175,"column":40}},"89":{"start":{"line":176,"column":4},"end":{"line":176,"column":19}},"90":{"start":{"line":180,"column":4},"end":{"line":183,"column":5}},"91":{"start":{"line":181,"column":6},"end":{"line":181,"column":20}},"92":{"start":{"line":182,"column":6},"end":{"line":182,"column":12}},"93":{"start":{"line":185,"column":14},"end":{"line":185,"column":56}},"94":{"start":{"line":186,"column":4},"end":{"line":211,"column":6}},"95":{"start":{"line":187,"column":6},"end":{"line":190,"column":7}},"96":{"start":{"line":188,"column":8},"end":{"line":188,"column":27}},"97":{"start":{"line":189,"column":8},"end":{"line":189,"column":14}},"98":{"start":{"line":192,"column":6},"end":{"line":192,"column":54}},"99":{"start":{"line":194,"column":17},"end":{"line":194,"column":53}},"100":{"start":{"line":196,"column":6},"end":{"line":207,"column":8}},"101":{"start":{"line":209,"column":6},"end":{"line":209,"column":16}},"102":{"start":{"line":210,"column":6},"end":{"line":210,"column":30}},"103":{"start":{"line":215,"column":4},"end":{"line":219,"column":5}},"104":{"start":{"line":216,"column":6},"end":{"line":216,"column":47}},"105":{"start":{"line":217,"column":6},"end":{"line":217,"column":31}},"106":{"start":{"line":218,"column":6},"end":{"line":218,"column":12}},"107":{"start":{"line":221,"column":16},"end":{"line":221,"column":33}},"108":{"start":{"line":223,"column":4},"end":{"line":227,"column":5}},"109":{"start":{"line":224,"column":6},"end":{"line":224,"column":16}},"110":{"start":{"line":225,"column":6},"end":{"line":225,"column":32}},"111":{"start":{"line":226,"column":6},"end":{"line":226,"column":12}},"112":{"start":{"line":229,"column":13},"end":{"line":229,"column":35}},"113":{"start":{"line":230,"column":18},"end":{"line":230,"column":62}},"114":{"start":{"line":231,"column":4},"end":{"line":231,"column":54}},"115":{"start":{"line":233,"column":4},"end":{"line":238,"column":6}},"116":{"start":{"line":234,"column":6},"end":{"line":234,"column":26}},"117":{"start":{"line":235,"column":6},"end":{"line":235,"column":47}},"118":{"start":{"line":236,"column":6},"end":{"line":236,"column":16}},"119":{"start":{"line":237,"column":6},"end":{"line":237,"column":19}},"120":{"start":{"line":242,"column":4},"end":{"line":242,"column":61}},"121":{"start":{"line":243,"column":4},"end":{"line":243,"column":16}},"122":{"start":{"line":244,"column":4},"end":{"line":244,"column":17}},"123":{"start":{"line":247,"column":2},"end":{"line":275,"column":3}},"124":{"start":{"line":248,"column":4},"end":{"line":248,"column":16}},"125":{"start":{"line":250,"column":12},"end":{"line":253,"column":6}},"126":{"start":{"line":251,"column":6},"end":{"line":251,"column":32}},"127":{"start":{"line":252,"column":6},"end":{"line":252,"column":27}},"128":{"start":{"line":255,"column":4},"end":{"line":255,"column":64}},"129":{"start":{"line":257,"column":4},"end":{"line":272,"column":6}},"130":{"start":{"line":258,"column":6},"end":{"line":260,"column":7}},"131":{"start":{"line":259,"column":8},"end":{"line":259,"column":72}},"132":{"start":{"line":262,"column":6},"end":{"line":262,"column":17}},"133":{"start":{"line":263,"column":6},"end":{"line":268,"column":7}},"134":{"start":{"line":263,"column":19},"end":{"line":263,"column":20}},"135":{"start":{"line":264,"column":8},"end":{"line":266,"column":9}},"136":{"start":{"line":265,"column":10},"end":{"line":265,"column":18}},"137":{"start":{"line":267,"column":8},"end":{"line":267,"column":54}},"138":{"start":{"line":270,"column":6},"end":{"line":270,"column":18}},"139":{"start":{"line":271,"column":6},"end":{"line":271,"column":26}},"140":{"start":{"line":274,"column":4},"end":{"line":274,"column":12}}},"fnMap":{"0":{"name":"(anonymous_0)","decl":{"start":{"line":8,"column":24},"end":{"line":8,"column":25}},"loc":{"start":{"line":8,"column":42},"end":{"line":276,"column":1}},"line":8},"1":{"name":"getImportantHeaders","decl":{"start":{"line":42,"column":11},"end":{"line":42,"column":30}},"loc":{"start":{"line":42,"column":44},"end":{"line":67,"column":3}},"line":42},"2":{"name":"zeroFill","decl":{"start":{"line":69,"column":11},"end":{"line":69,"column":19}},"loc":{"start":{"line":69,"column":36},"end":{"line":75,"column":3}},"line":69},"3":{"name":"encodeEntities","decl":{"start":{"line":77,"column":11},"end":{"line":77,"column":25}},"loc":{"start":{"line":77,"column":35},"end":{"line":82,"column":3}},"line":77},"4":{"name":"(anonymous_4)","decl":{"start":{"line":78,"column":61},"end":{"line":78,"column":62}},"loc":{"start":{"line":78,"column":74},"end":{"line":80,"column":5}},"line":78},"5":{"name":"insertHeaders","decl":{"start":{"line":84,"column":11},"end":{"line":84,"column":24}},"loc":{"start":{"line":84,"column":41},"end":{"line":100,"column":3}},"line":84},"6":{"name":"extractFiles","decl":{"start":{"line":102,"column":11},"end":{"line":102,"column":23}},"loc":{"start":{"line":102,"column":40},"end":{"line":177,"column":3}},"line":102},"7":{"name":"parseNext","decl":{"start":{"line":179,"column":11},"end":{"line":179,"column":20}},"loc":{"start":{"line":179,"column":24},"end":{"line":212,"column":3}},"line":179},"8":{"name":"(anonymous_8)","decl":{"start":{"line":186,"column":24},"end":{"line":186,"column":25}},"loc":{"start":{"line":186,"column":41},"end":{"line":211,"column":5}},"line":186},"9":{"name":"convertNext","decl":{"start":{"line":214,"column":11},"end":{"line":214,"column":22}},"loc":{"start":{"line":214,"column":26},"end":{"line":239,"column":3}},"line":214},"10":{"name":"(anonymous_10)","decl":{"start":{"line":233,"column":40},"end":{"line":233,"column":41}},"loc":{"start":{"line":233,"column":50},"end":{"line":238,"column":5}},"line":233},"11":{"name":"convertToPdf","decl":{"start":{"line":241,"column":11},"end":{"line":241,"column":23}},"loc":{"start":{"line":241,"column":27},"end":{"line":245,"column":3}},"line":241},"12":{"name":"(anonymous_12)","decl":{"start":{"line":247,"column":14},"end":{"line":247,"column":15}},"loc":{"start":{"line":247,"column":26},"end":{"line":275,"column":3}},"line":247},"13":{"name":"(anonymous_13)","decl":{"start":{"line":250,"column":24},"end":{"line":250,"column":25}},"loc":{"start":{"line":250,"column":51},"end":{"line":253,"column":5}},"line":250},"14":{"name":"(anonymous_14)","decl":{"start":{"line":257,"column":29},"end":{"line":257,"column":30}},"loc":{"start":{"line":257,"column":51},"end":{"line":272,"column":5}},"line":257}},"branchMap":{"0":{"loc":{"start":{"line":29,"column":2},"end":{"line":31,"column":3}},"type":"if","locations":[{"start":{"line":29,"column":2},"end":{"line":31,"column":3}},{"start":{"line":29,"column":2},"end":{"line":31,"column":3}}],"line":29},"1":{"loc":{"start":{"line":33,"column":2},"end":{"line":35,"column":3}},"type":"if","locations":[{"start":{"line":33,"column":2},"end":{"line":35,"column":3}},{"start":{"line":33,"column":2},"end":{"line":35,"column":3}}],"line":33},"2":{"loc":{"start":{"line":56,"column":6},"end":{"line":63,"column":7}},"type":"if","locations":[{"start":{"line":56,"column":6},"end":{"line":63,"column":7}},{"start":{"line":56,"column":6},"end":{"line":63,"column":7}}],"line":56},"3":{"loc":{"start":{"line":71,"column":4},"end":{"line":73,"column":5}},"type":"if","locations":[{"start":{"line":71,"column":4},"end":{"line":73,"column":5}},{"start":{"line":71,"column":4},"end":{"line":73,"column":5}}],"line":71},"4":{"loc":{"start":{"line":72,"column":32},"end":{"line":72,"column":57}},"type":"cond-expr","locations":[{"start":{"line":72,"column":52},"end":{"line":72,"column":53}},{"start":{"line":72,"column":56},"end":{"line":72,"column":57}}],"line":72},"5":{"loc":{"start":{"line":110,"column":4},"end":{"line":113,"column":5}},"type":"if","locations":[{"start":{"line":110,"column":4},"end":{"line":113,"column":5}},{"start":{"line":110,"column":4},"end":{"line":113,"column":5}}],"line":110},"6":{"loc":{"start":{"line":119,"column":4},"end":{"line":147,"column":5}},"type":"if","locations":[{"start":{"line":119,"column":4},"end":{"line":147,"column":5}},{"start":{"line":119,"column":4},"end":{"line":147,"column":5}}],"line":119},"7":{"loc":{"start":{"line":122,"column":8},"end":{"line":124,"column":9}},"type":"if","locations":[{"start":{"line":122,"column":8},"end":{"line":124,"column":9}},{"start":{"line":122,"column":8},"end":{"line":124,"column":9}}],"line":122},"8":{"loc":{"start":{"line":128,"column":8},"end":{"line":145,"column":9}},"type":"if","locations":[{"start":{"line":128,"column":8},"end":{"line":145,"column":9}},{"start":{"line":128,"column":8},"end":{"line":145,"column":9}}],"line":128},"9":{"loc":{"start":{"line":136,"column":10},"end":{"line":144,"column":11}},"type":"if","locations":[{"start":{"line":136,"column":10},"end":{"line":144,"column":11}},{"start":{"line":136,"column":10},"end":{"line":144,"column":11}}],"line":136},"10":{"loc":{"start":{"line":136,"column":14},"end":{"line":136,"column":55}},"type":"binary-expr","locations":[{"start":{"line":136,"column":14},"end":{"line":136,"column":22}},{"start":{"line":136,"column":27},"end":{"line":136,"column":54}}],"line":136},"11":{"loc":{"start":{"line":138,"column":12},"end":{"line":143,"column":13}},"type":"if","locations":[{"start":{"line":138,"column":12},"end":{"line":143,"column":13}},{"start":{"line":138,"column":12},"end":{"line":143,"column":13}}],"line":138},"12":{"loc":{"start":{"line":151,"column":4},"end":{"line":172,"column":5}},"type":"if","locations":[{"start":{"line":151,"column":4},"end":{"line":172,"column":5}},{"start":{"line":151,"column":4},"end":{"line":172,"column":5}}],"line":151},"13":{"loc":{"start":{"line":154,"column":6},"end":{"line":156,"column":7}},"type":"if","locations":[{"start":{"line":154,"column":6},"end":{"line":156,"column":7}},{"start":{"line":154,"column":6},"end":{"line":156,"column":7}}],"line":154},"14":{"loc":{"start":{"line":166,"column":6},"end":{"line":168,"column":7}},"type":"if","locations":[{"start":{"line":166,"column":6},"end":{"line":168,"column":7}},{"start":{"line":166,"column":6},"end":{"line":168,"column":7}}],"line":166},"15":{"loc":{"start":{"line":180,"column":4},"end":{"line":183,"column":5}},"type":"if","locations":[{"start":{"line":180,"column":4},"end":{"line":183,"column":5}},{"start":{"line":180,"column":4},"end":{"line":183,"column":5}}],"line":180},"16":{"loc":{"start":{"line":187,"column":6},"end":{"line":190,"column":7}},"type":"if","locations":[{"start":{"line":187,"column":6},"end":{"line":190,"column":7}},{"start":{"line":187,"column":6},"end":{"line":190,"column":7}}],"line":187},"17":{"loc":{"start":{"line":215,"column":4},"end":{"line":219,"column":5}},"type":"if","locations":[{"start":{"line":215,"column":4},"end":{"line":219,"column":5}},{"start":{"line":215,"column":4},"end":{"line":219,"column":5}}],"line":215},"18":{"loc":{"start":{"line":223,"column":4},"end":{"line":227,"column":5}},"type":"if","locations":[{"start":{"line":223,"column":4},"end":{"line":227,"column":5}},{"start":{"line":223,"column":4},"end":{"line":227,"column":5}}],"line":223},"19":{"loc":{"start":{"line":258,"column":6},"end":{"line":260,"column":7}},"type":"if","locations":[{"start":{"line":258,"column":6},"end":{"line":260,"column":7}},{"start":{"line":258,"column":6},"end":{"line":260,"column":7}}],"line":258},"20":{"loc":{"start":{"line":264,"column":8},"end":{"line":266,"column":9}},"type":"if","locations":[{"start":{"line":264,"column":8},"end":{"line":266,"column":9}},{"start":{"line":264,"column":8},"end":{"line":266,"column":9}}],"line":264}},"s":{"0":0,"1":0,"2":0,"3":0,"4":0,"5":0,"6":0,"7":0,"8":0,"9":0,"10":0,"11":0,"12":0,"13":0,"14":0,"15":0,"16":0,"17":0,"18":0,"19":0,"20":0,"21":0,"22":0,"23":0,"24":0,"25":0,"26":0,"27":0,"28":0,"29":0,"30":0,"31":0,"32":0,"33":0,"34":0,"35":0,"36":0,"37":0,"38":0,"39":0,"40":0,"41":0,"42":0,"43":0,"44":0,"45":0,"46":0,"47":0,"48":0,"49":0,"50":0,"51":0,"52":0,"53":0,"54":0,"55":0,"56":0,"57":0,"58":0,"59":0,"60":0,"61":0,"62":0,"63":0,"64":0,"65":0,"66":0,"67":0,"68":0,"69":0,"70":0,"71":0,"72":0,"73":0,"74":0,"75":0,"76":0,"77":0,"78":0,"79":0,"80":0,"81":0,"82":0,"83":0,"84":0,"85":0,"86":0,"87":0,"88":0,"89":0,"90":0,"91":0,"92":0,"93":0,"94":0,"95":0,"96":0,"97":0,"98":0,"99":0,"100":0,"101":0,"102":0,"103":0,"104":0,"105":0,"106":0,"107":0,"108":0,"109":0,"110":0,"111":0,"112":0,"113":0,"114":0,"115":0,"116":0,"117":0,"118":0,"119":0,"120":0,"121":0,"122":0,"123":0,"124":0,"125":0,"126":0,"127":0,"128":0,"129":0,"130":0,"131":0,"132":0,"133":0,"134":0,"135":0,"136":0,"137":0,"138":0,"139":0,"140":0},"f":{"0":0,"1":0,"2":0,"3":0,"4":0,"5":0,"6":0,"7":0,"8":0,"9":0,"10":0,"11":0,"12":0,"13":0,"14":0},"b":{"0":[0,0],"1":[0,0],"2":[0,0],"3":[0,0],"4":[0,0],"5":[0,0],"6":[0,0],"7":[0,0],"8":[0,0],"9":[0,0],"10":[0,0],"11":[0,0],"12":[0,0],"13":[0,0],"14":[0,0],"15":[0,0],"16":[0,0],"17":[0,0],"18":[0,0],"19":[0,0],"20":[0,0]},"hash":"1cb682ea569936f101ca6ae1ef24798554819b31"}
,"/Users/priebe/git/diesel/source/wral/applications/javascript/mailshredder/src/lib/readers/MultiplePdfReader.js": {"path":"/Users/priebe/git/diesel/source/wral/applications/javascript/mailshredder/src/lib/readers/MultiplePdfReader.js","statementMap":{"0":{"start":{"line":1,"column":11},"end":{"line":1,"column":24}},"1":{"start":{"line":2,"column":13},"end":{"line":2,"column":28}},"2":{"start":{"line":4,"column":30},"end":{"line":4,"column":82}},"3":{"start":{"line":8,"column":24},"end":{"line":248,"column":1}},"4":{"start":{"line":9,"column":17},"end":{"line":22,"column":3}},"5":{"start":{"line":24,"column":16},"end":{"line":24,"column":34}},"6":{"start":{"line":26,"column":2},"end":{"line":26,"column":33}},"7":{"start":{"line":28,"column":16},"end":{"line":28,"column":18}},"8":{"start":{"line":29,"column":25},"end":{"line":29,"column":29}},"9":{"start":{"line":30,"column":21},"end":{"line":30,"column":25}},"10":{"start":{"line":31,"column":30},"end":{"line":31,"column":31}},"11":{"start":{"line":32,"column":33},"end":{"line":32,"column":34}},"12":{"start":{"line":33,"column":38},"end":{"line":33,"column":39}},"13":{"start":{"line":34,"column":23},"end":{"line":34,"column":28}},"14":{"start":{"line":35,"column":18},"end":{"line":35,"column":19}},"15":{"start":{"line":36,"column":18},"end":{"line":41,"column":3}},"16":{"start":{"line":42,"column":16},"end":{"line":42,"column":18}},"17":{"start":{"line":43,"column":19},"end":{"line":43,"column":21}},"18":{"start":{"line":45,"column":15},"end":{"line":45,"column":17}},"19":{"start":{"line":46,"column":17},"end":{"line":46,"column":18}},"20":{"start":{"line":48,"column":2},"end":{"line":50,"column":3}},"21":{"start":{"line":49,"column":4},"end":{"line":49,"column":58}},"22":{"start":{"line":52,"column":2},"end":{"line":54,"column":3}},"23":{"start":{"line":53,"column":4},"end":{"line":53,"column":75}},"24":{"start":{"line":56,"column":2},"end":{"line":59,"column":3}},"25":{"start":{"line":57,"column":4},"end":{"line":57,"column":47}},"26":{"start":{"line":58,"column":4},"end":{"line":58,"column":34}},"27":{"start":{"line":61,"column":2},"end":{"line":64,"column":3}},"28":{"start":{"line":62,"column":4},"end":{"line":62,"column":53}},"29":{"start":{"line":63,"column":4},"end":{"line":63,"column":37}},"30":{"start":{"line":66,"column":13},"end":{"line":66,"column":37}},"31":{"start":{"line":67,"column":13},"end":{"line":67,"column":27}},"32":{"start":{"line":70,"column":4},"end":{"line":72,"column":5}},"33":{"start":{"line":71,"column":6},"end":{"line":71,"column":12}},"34":{"start":{"line":74,"column":4},"end":{"line":74,"column":56}},"35":{"start":{"line":76,"column":4},"end":{"line":78,"column":5}},"36":{"start":{"line":77,"column":6},"end":{"line":77,"column":12}},"37":{"start":{"line":80,"column":21},"end":{"line":80,"column":40}},"38":{"start":{"line":81,"column":4},"end":{"line":81,"column":50}},"39":{"start":{"line":83,"column":4},"end":{"line":101,"column":5}},"40":{"start":{"line":84,"column":6},"end":{"line":84,"column":51}},"41":{"start":{"line":86,"column":18},"end":{"line":89,"column":7}},"42":{"start":{"line":91,"column":20},"end":{"line":91,"column":33}},"43":{"start":{"line":94,"column":6},"end":{"line":98,"column":8}},"44":{"start":{"line":100,"column":6},"end":{"line":100,"column":27}},"45":{"start":{"line":103,"column":4},"end":{"line":120,"column":5}},"46":{"start":{"line":104,"column":6},"end":{"line":104,"column":29}},"47":{"start":{"line":105,"column":6},"end":{"line":105,"column":39}},"48":{"start":{"line":107,"column":6},"end":{"line":107,"column":32}},"49":{"start":{"line":108,"column":6},"end":{"line":108,"column":37}},"50":{"start":{"line":110,"column":6},"end":{"line":118,"column":7}},"51":{"start":{"line":111,"column":8},"end":{"line":113,"column":9}},"52":{"start":{"line":112,"column":10},"end":{"line":112,"column":16}},"53":{"start":{"line":115,"column":8},"end":{"line":117,"column":9}},"54":{"start":{"line":116,"column":10},"end":{"line":116,"column":16}},"55":{"start":{"line":119,"column":6},"end":{"line":119,"column":27}},"56":{"start":{"line":124,"column":16},"end":{"line":124,"column":46}},"57":{"start":{"line":126,"column":4},"end":{"line":133,"column":5}},"58":{"start":{"line":127,"column":6},"end":{"line":127,"column":28}},"59":{"start":{"line":128,"column":6},"end":{"line":128,"column":26}},"60":{"start":{"line":129,"column":6},"end":{"line":129,"column":26}},"61":{"start":{"line":130,"column":6},"end":{"line":130,"column":32}},"62":{"start":{"line":132,"column":6},"end":{"line":132,"column":39}},"63":{"start":{"line":137,"column":4},"end":{"line":139,"column":5}},"64":{"start":{"line":138,"column":6},"end":{"line":138,"column":28}},"65":{"start":{"line":141,"column":4},"end":{"line":141,"column":16}},"66":{"start":{"line":143,"column":4},"end":{"line":143,"column":15}},"67":{"start":{"line":144,"column":4}
[...]
,"column":57}},"85":{"start":{"line":168,"column":0},"end":{"line":168,"column":85}}},"fnMap":{"0":{"name":"(anonymous_0)","decl":{"start":{"line":8,"column":24},"end":{"line":8,"column":25}},"loc":{"start":{"line":8,"column":42},"end":{"line":163,"column":1}},"line":8},"1":{"name":"zeroFill","decl":{"start":{"line":41,"column":11},"end":{"line":41,"column":19}},"loc":{"start":{"line":41,"column":36},"end":{"line":47,"column":3}},"line":41},"2":{"name":"(anonymous_2)","decl":{"start":{"line":54,"column":19},"end":{"line":54,"column":20}},"loc":{"start":{"line":54,"column":37},"end":{"line":56,"column":3}},"line":54},"3":{"name":"writeNextUsingPageBoundaries","decl":{"start":{"line":58,"column":11},"end":{"line":58,"column":39}},"loc":{"start":{"line":58,"column":43},"end":{"line":99,"column":3}},"line":58},"4":{"name":"(anonymous_4)","decl":{"start":{"line":89,"column":31},"end":{"line":89,"column":32}},"loc":{"start":{"line":89,"column":44},"end":{"line":98,"column":5}},"line":89},"5":{"name":"writeUsingPageBoundaries","decl":{"start":{"line":101,"column":11},"end":{"line":101,"column":35}},"loc":{"start":{"line":101,"column":39},"end":{"line":120,"column":3}},"line":101},"6":{"name":"(anonymous_6)","decl":{"start":{"line":109,"column":37},"end":{"line":109,"column":38}},"loc":{"start":{"line":109,"column":50},"end":{"line":119,"column":5}},"line":109},"7":{"name":"writeMultipleToMultiple","decl":{"start":{"line":122,"column":11},"end":{"line":122,"column":34}},"loc":{"start":{"line":122,"column":38},"end":{"line":140,"column":3}},"line":122},"8":{"name":"(anonymous_8)","decl":{"start":{"line":142,"column":15},"end":{"line":142,"column":16}},"loc":{"start":{"line":142,"column":27},"end":{"line":162,"column":3}},"line":142},"9":{"name":"(anonymous_9)","decl":{"start":{"line":147,"column":24},"end":{"line":147,"column":25}},"loc":{"start":{"line":147,"column":51},"end":{"line":150,"column":5}},"line":147}},"branchMap":{"0":{"loc":{"start":{"line":27,"column":2},"end":{"line":29,"column":3}},"type":"if","locations":[{"start":{"line":27,"column":2},"end":{"line":29,"column":3}},{"start":{"line":27,"column":2},"end":{"line":29,"column":3}}],"line":27},"1":{"loc":{"start":{"line":33,"column":2},"end":{"line":35,"column":3}},"type":"if","locations":[{"start":{"line":33,"column":2},"end":{"line":35,"column":3}},{"start":{"line":33,"column":2},"end":{"line":35,"column":3}}],"line":33},"2":{"loc":{"start":{"line":37,"column":2},"end":{"line":39,"column":3}},"type":"if","locations":[{"start":{"line":37,"column":2},"end":{"line":39,"column":3}},{"start":{"line":37,"column":2},"end":{"line":39,"column":3}}],"line":37},"3":{"loc":{"start":{"line":43,"column":4},"end":{"line":45,"column":5}},"type":"if","locations":[{"start":{"line":43,"column":4},"end":{"line":45,"column":5}},{"start":{"line":43,"column":4},"end":{"line":45,"column":5}}],"line":43},"4":{"loc":{"start":{"line":44,"column":32},"end":{"line":44,"column":57}},"type":"cond-expr","locations":[{"start":{"line":44,"column":52},"end":{"line":44,"column":53}},{"start":{"line":44,"column":56},"end":{"line":44,"column":57}}],"line":44},"5":{"loc":{"start":{"line":61,"column":4},"end":{"line":66,"column":5}},"type":"if","locations":[{"start":{"line":61,"column":4},"end":{"line":66,"column":5}},{"start":{"line":61,"column":4},"end":{"line":66,"column":5}}],"line":61},"6":{"loc":{"start":{"line":90,"column":6},"end":{"line":93,"column":7}},"type":"if","locations":[{"start":{"line":90,"column":6},"end":{"line":93,"column":7}},{"start":{"line":90,"column":6},"end":{"line":93,"column":7}}],"line":90},"7":{"loc":{"start":{"line":110,"column":6},"end":{"line":112,"column":7}},"type":"if","locations":[{"start":{"line":110,"column":6},"end":{"line":112,"column":7}},{"start":{"line":110,"column":6},"end":{"line":112,"column":7}}],"line":110},"8":{"loc":{"start":{"line":143,"column":4},"end":{"line":145,"column":5}},"type":"if","locations":[{"start":{"line":143,"column":4},"end":{"line":145,"column":5}},{"start":{"line":143,"column":4},"end":{"line":145,"column":5}}],"line":143},"9":{"loc":{"start":{"line":152,"column":4},"end":{"line":159,"column":5}},"type":"if","locations":[{"start":{"line":152,"column":4},"end":{"line":159,"column":5}},{"start":{"line":152,"column":4},"end":{"line":159,"column":5}}],"line":152},"10":{"loc":{"start":{"line":154,"column":11},"end":{"line":159,"column":5}},"type":"if","locations":[{"start":{"line":154,"column":11},"end":{"line":159,"column":5}},{"start":{"line":154,"column":11},"end":{"line":159,"column":5}}],"line":154}},"s":{"0":0,"1":0,"2":0,"3":0,"4":0,"5":0,"6":0,"7":0,"8":0,"9":0,"10":0,"11":0,"12":0,"13":0,"14":0,"15":0,"16":0,"17":0,"18":0,"19":0,"20":0,"21":0,"22":0,"23":0,"24":0,"25":0,"26":0,"27":0,"28":0,"29":0,"30":0,"31":0,"32":0,"33":0,"34":0,"35":0,"36":0,"37":0,"38":0,"39":0,"40":0,"41":0,"42":0,"43":0,"44":0,"45":0,"46":0,"47":0,"48":0,"49":0,"50":0,"51":0,"52":0,"53":0,"54":0,"55":0,"56":0,"57":0,"58":0,"59":0,"60":0,"61":0,"62":0,"63":0,"64":0,"65":0,"66":0,"67":0,"68":0,"69":0,"70":0,"71":0,"72":0,"73":0,"74":0,"75":0,"76":0,"77":0,"78":0,"79":0,"80":0,"81":0,"82":0,"83":0,"84":0,"85":0},"f":{"0":0,"1":0,"2":0,"3":0,"4":0,"5":0,"6":0,"7":0,"8":0,"9":0},"b":{"0":[0,0],"1":[0,0],"2":[0,0],"3":[0,0],"4":[0,0],"5":[0,0],"6":[0,0],"7":[0,0],"8":[0,0],"9":[0,0],"10":[0,0]},"hash":"587bb0f3d5e8874e3b5589dea3c54f29bc39e814"}
,"/Users/priebe/git/diesel/source/wral/applications/javascript/mailshredder/src/pages/Index.vue": {"path":"/Users/priebe/git/diesel/source/wral/applications/javascript/mailshredder/src/pages/Index.vue","statementMap":{"0":{"start":{"line":77,"column":0},"end":{"line":77,"column":null}},"1":{"start":{"line":78,"column":0},"end":{"line":78,"column":null}},"2":{"start":{"line":79,"column":0},"end":{"line":79,"column":null}},"3":{"start":{"line":80,"column":0},"end":{"line":80,"column":null}},"4":{"start":{"line":90,"column":0},"end":{"line":90,"column":null}},"5":{"start":{"line":91,"column":0},"end":{"line":94,"column":null}},"6":{"start":{"line":92,"column":0},"end":{"line":92,"column":null}},"7":{"start":{"line":93,"column":0},"end":{"line":93,"column":null}},"8":{"start":{"line":99,"column":0},"end":{"line":99,"column":null}},"9":{"start":{"line":100,"column":0},"end":{"line":110,"column":null}},"10":{"start":{"line":101,"column":0},"end":{"line":109,"column":null}},"11":{"start":{"line":102,"column":0},"end":{"line":108,"column":null}},"12":{"start":{"line":103,"column":0},"end":{"line":107,"column":null}},"13":{"start":{"line":104,"column":0},"end":{"line":104,"column":null}},"14":{"start":{"line":105,"column":0},"end":{"line":105,"column":null}},"15":{"start":{"line":106,"column":0},"end":{"line":106,"column":null}},"16":{"start":{"line":112,"column":0},"end":{"line":112,"column":null}},"17":{"start":{"line":114,"column":0},"end":{"line":114,"column":null}},"18":{"start":{"line":122,"column":0},"end":{"line":122,"column":null}},"19":{"start":{"line":123,"column":0},"end":{"line":126,"column":null}},"20":{"start":{"line":124,"column":0},"end":{"line":124,"column":null}},"21":{"start":{"line":125,"column":0},"end":{"line":125,"column":null}},"22":{"start":{"line":127,"column":0},"end":{"line":127,"column":null}},"23":{"start":{"line":131,"column":0},"end":{"line":134,"column":null}},"24":{"start":{"line":132,"column":0},"end":{"line":132,"column":null}},"25":{"start":{"line":133,"column":0},"end":{"line":133,"column":null}},"26":{"start":{"line":135,"column":0},"end":{"line":135,"column":null}},"27":{"start":{"line":136,"column":0},"end":{"line":136,"column":null}},"28":{"start":{"line":140,"column":0},"end":{"line":140,"column":null}}},"fnMap":{"0":{"name":"mounted","decl":{"start":{"line":89,"column":0},"end":{"line":89,"column":null}},"loc":{"start":{"line":89,"column":0},"end":{"line":113,"column":null}}},"1":{"name":"configureOpenRenderedLinksInDefaultBrowser","decl":{"start":{"line":98,"column":0},"end":{"line":98,"column":null}},"loc":{"start":{"line":98,"column":0},"end":{"line":111,"column":null}}},"2":{"name":"(anonymous_3)","decl":{"start":{"line":101,"column":0},"end":{"line":101,"column":null}},"loc":{"start":{"line":101,"column":0},"end":{"line":109,"column":null}}},"3":{"name":"(anonymous_4)","decl":{"start":{"line":102,"column":0},"end":{"line":102,"column":null}},"loc":{"start":{"line":102,"column":0},"end":{"line":108,"column":null}}},"4":{"name":"data","decl":{"start":{"line":114,"column":0},"end":{"line":114,"column":null}},"loc":{"start":{"line":114,"column":0},"end":{"line":114,"column":null}}},"5":{"name":"onStepSetupValidationResult","decl":{"start":{"line":121,"column":0},"end":{"line":121,"column":null}},"loc":{"start":{"line":121,"column":0},"end":{"line":128,"column":null}}},"6":{"name":"onNextClick","decl":{"start":{"line":130,"column":0},"end":{"line":130,"column":null}},"loc":{"start":{"line":130,"column":0},"end":{"line":137,"column":null}}},"7":{"name":"onStep","decl":{"start":{"line":139,"column":0},"end":{"line":139,"column":null}},"loc":{"start":{"line":139,"column":0},"end":{"line":141,"column":null}}}},"branchMap":{"0":{"loc":{"start":{"line":91,"column":0},"end":{"line":94,"column":null}},"type":"if","locations":[{"start":{"line":91,"column":0},"end":{"line":94,"column":null}},{"start":{"line":91,"column":0},"end":{"line":94,"column":null}}]},"1":{"loc":{"start":{"line":100,"column":0},"end":{"line":110,"column":null}},"type":"if","locations":[{"start":{"line":100,"column":0},"end":{"line":110,"column":null}},{"start":{"line":100,"column":0},"end":{"line":110,"column":null}}]},"2":{"loc":{"start":{"line":100,"column":0},"end":{"line":100,"column":null}},"type":"binary-expr","locations":[{"start":{"line":100,"column":0},"end":{"line":100,"column":null}},{"start":{"line":100,"column":0},"end":{"line":100,"column":null}}]},"3":{"loc":{"start":{"line":103,"column":0},"end":{"line":107,"column":null}},"type":"if","locations":[{"start":{"line":103,"column":0},"end":{"line":107,"column":null}},{"start":{"line":103,"column":0},"end":{"line":107,"column":null}}]},"4":{"loc":{"start":{"line":123,"column":0},"end":{"line":126,"column":null}},"type":"if","locations":[{"start":{"line":123,"column":0},"end":{"line":126,"column":null}},{"start":{"line":123,"column":0},"end":{"line":126,"column":null}}]},"5":{"loc":{"start":{"line":131,"column":0},"end":{"line":134,"column":null}},"type":"if","locations":[{"start":{"line":131,"column":0},"end":{"line":134,"column":null}},{"start":{"line":131,"column":0},"end":{"line":134,"column":null}}]}},"s":{"0":0,"1":0,"2":0,"3":0,"4":0,"5":0,"6":0,"7":0,"8":0,"9":0,"10":0,"11":0,"12":0,"13":0,"14":0,"15":0,"16":0,"17":0,"18":0,"19":0,"20":0,"21":0,"22":0,"23":0,"24":0,"25":0,"26":0,"27":0,"28":0},"f":{"0":0,"1":0,"2":0,"3":0,"4":0,"5":0,"6":0,"7":0},"b":{"0":[0,0],"1":[0,0],"2":[0,0],"3":[0,0],"4":[0,0],"5":[0,0]}}
,"/Users/priebe/git/diesel/source/wral/applications/javascript/mailshredder/src/router/index.js": {"path":"/Users/priebe/git/diesel/source/wral/applications/javascript/mailshredder/src/router/index.js","statementMap":{"0":{"start":{"line":6,"column":0},"end":{"line":6,"column":18}},"1":{"start":{"line":14,"column":17},"end":{"line":23,"column":4}},"2":{"start":{"line":15,"column":27},"end":{"line":15,"column":41}},"3":{"start":{"line":25,"column":2},"end":{"line":25,"column":15}}},"fnMap":{"0":{"name":"(anonymous_0)","decl":{"start":{"line":13,"column":15},"end":{"line":13,"column":16}},"loc":{"start":{"line":13,"column":54},"end":{"line":26,"column":1}},"line":13},"1":{"name":"(anonymous_1)","decl":{"start":{"line":15,"column":20},"end":{"line":15,"column":21}},"loc":{"start":{"line":15,"column":27},"end":{"line":15,"column":41}},"line":15}},"branchMap":{},"s":{"0":0,"1":0,"2":0,"3":0},"f":{"0":0,"1":0},"b":{},"hash":"658583d3438d704b23adbeb7422ac5d43d60d342"}
,"/Users/priebe/git/diesel/source/wral/applications/javascript/mailshredder/src/router/routes.js": {"path":"/Users/priebe/git/diesel/source/wral/applications/javascript/mailshredder/src/router/routes.js","statementMap":{"0":{"start":{"line":2,"column":15},"end":{"line":10,"column":1}},"1":{"start":{"line":5,"column":21},"end":{"line":5,"column":51}},"2":{"start":{"line":7,"column":35},"end":{"line":7,"column":60}},"3":{"start":{"line":13,"column":0},"end":{"line":18,"column":1}},"4":{"start":{"line":14,"column":2},"end":{"line":17,"column":4}},"5":{"start":{"line":16,"column":21},"end":{"line":16,"column":49}}},"fnMap":{"0":{"name":"(anonymous_0)","decl":{"start":{"line":5,"column":15},"end":{"line":5,"column":16}},"loc":{"start":{"line":5,"column":21},"end":{"line":5,"column":51}},"line":5},"1":{"name":"(anonymous_1)","decl":{"start":{"line":7,"column":29},"end":{"line":7,"column":30}},"loc":{"start":{"line":7,"column":35},"end":{"line":7,"column":60}},"line":7},"2":{"name":"(anonymous_2)","decl":{"start":{"line":16,"column":15},"end":{"line":16,"column":16}},"loc":{"start":{"line":16,"column":21},"end":{"line":16,"column":49}},"line":16}},"branchMap":{"0":{"loc":{"start":{"line":13,"column":0},"end":{"line":18,"column":1}},"type":"if","locations":[{"start":{"line":13,"column":0},"end":{"line":18,"column":1}},{"start":{"line":13,"column":0},"end":{"line":18,"column":1}}],"line":13}},"s":{"0":0,"1":0,"2":0,"3":0,"4":0,"5":0},"f":{"0":0,"1":0,"2":0},"b":{"0":[0,0]},"hash":"a06e29d6654b5603961c891d5dd47bc547d12dc8"}
,"/Users/priebe/git/diesel/source/wral/applications/javascript/mailshredder/src/store/index.js": {"path":"/Users/priebe/git/diesel/source/wral/applications/javascript/mailshredder/src/store/index.js","statementMap":{"0":{"start":{"line":7,"column":0},"end":{"line":7,"column":13}},"1":{"start":{"line":15,"column":16},"end":{"line":20,"column":4}},"2":{"start":{"line":22,"column":2},"end":{"line":22,"column":14}}},"fnMap":{"0":{"name":"(anonymous_0)","decl":{"start":{"line":14,"column":15},"end":{"line":14,"column":16}},"loc":{"start":{"line":14,"column":47},"end":{"line":23,"column":1}},"line":14}},"branchMap":{},"s":{"0":0,"1":0,"2":0},"f":{"0":0},"b":{},"hash":"0db8c3041f7f2b4ef2ec0d0188c079fd48255b82"}
,"/Users/priebe/git/diesel/source/wral/applications/javascript/mailshredder/src/store/filter/actions.js": {"path":"/Users/priebe/git/diesel/source/wral/applications/javascript/mailshredder/src/store/filter/actions.js","statementMap":{},"fnMap":{},"branchMap":{},"s":{},"f":{},"b":{},"hash":"3d4c4058c6d10a5677bb4fd88e041888088bed3c"}
,"/Users/priebe/git/diesel/source/wral/applications/javascript/mailshredder/src/store/filter/getters.js": {"path":"/Users/priebe/git/diesel/source/wral/applications/javascript/mailshredder/src/store/filter/getters.js","statementMap":{},"fnMap":{},"branchMap":{},"s":{},"f":{},"b":{},"hash":"3629a087ef8d1b97e4607452ea67e58321758996"}
,"/Users/priebe/git/diesel/source/wral/applications/javascript/mailshredder/src/store/filter/index.js": {"path":"/Users/priebe/git/diesel/source/wral/applications/javascript/mailshredder/src/store/filter/index.js","statementMap":{},"fnMap":{},"branchMap":{},"s":{},"f":{},"b":{},"hash":"51d99687c74457a4edb11c72347e91bcd41fe4d9"}
,"/Users/priebe/git/diesel/source/wral/applications/javascript/mailshredder/src/store/filter/mutations.js": {"path":"/Users/priebe/git/diesel/source/wral/applications/javascript/mailshredder/src/store/filter/mutations.js","statementMap":{"0":{"start":{"line":2,"column":2},"end":{"line":2,"column":23}},"1":{"start":{"line":6,"column":2},"end":{"line":6,"column":29}},"2":{"start":{"line":10,"column":2},"end":{"line":10,"column":27}},"3":{"start":{"line":14,"column":2},"end":{"line":14,"column":25}}},"fnMap":{"0":{"name":"updateEmails","decl":{"start":{"line":1,"column":16},"end":{"line":1,"column":28}},"loc":{"start":{"line":1,"column":45},"end":{"line":3,"column":1}},"line":1},"1":{"name":"updateTableData","decl":{"start":{"line":5,"column":16},"end":{"line":5,"column":31}},"loc":{"start":{"line":5,"column":51},"end":{"line":7,"column":1}},"line":5},"2":{"name":"updateSelected","decl":{"start":{"line":9,"column":16},"end":{"line":9,"column":30}},"loc":{"start":{"line":9,"column":49},"end":{"line":11,"column":1}},"line":9},"3":{"name":"updateLastJob","decl":{"start":{"line":13,"column":16},"end":{"line":13,"column":29}},"loc":{"start":{"line":13,"column":47},"end":{"line":15,"column":1}},"line":13}},"branchMap":{},"s":{"0":0,"1":0,"2":0,"3":0},"f":{"0":0,"1":0,"2":0,"3":0},"b":{},"hash":"6055d0ecf3d5b7db970cdbc1f87841cb59b3e86e"}
,"/Users/priebe/git/diesel/source/wral/applications/javascript/mailshredder/src/store/filter/state.js": {"path":"/Users/priebe/git/diesel/source/wral/applications/javascript/mailshredder/src/store/filter/state.js","statementMap":{},"fnMap":{},"branchMap":{},"s":{},"f":{},"b":{},"hash":"73d102d95a30a6255fa3ff2ba42f5ae13da53e2d"}
,"/Users/priebe/git/diesel/source/wral/applications/javascript/mailshredder/src/store/setup/actions.js": {"path":"/Users/priebe/git/diesel/source/wral/applications/javascript/mailshredder/src/store/setup/actions.js","statementMap":{},"fnMap":{},"branchMap":{},"s":{},"f":{},"b":{},"hash":"96df5982ca4429abade3b1bab5552148faf12aa8"}
,"/Users/priebe/git/diesel/source/wral/applications/javascript/mailshredder/src/store/setup/getters.js": {"path":"/Users/priebe/git/diesel/source/wral/applications/javascript/mailshredder/src/store/setup/getters.js","statementMap":{},"fnMap":{},"branchMap":{},"s":{},"f":{},"b":{},"hash":"adb88f1fa30ff165376ca97f8920bf346d2a4c94"}
,"/Users/priebe/git/diesel/source/wral/applications/javascript/mailshredder/src/store/setup/index.js": {"path":"/Users/priebe/git/diesel/source/wral/applications/javascript/mailshredder/src/store/setup/index.js","statementMap":{},"fnMap":{},"branchMap":{},"s":{},"f":{},"b":{},"hash":"9162fd3f83128a365d3981acca46ea979034b3d0"}
,"/Users/priebe/git/diesel/source/wral/applications/javascript/mailshredder/src/store/setup/mutations.js": {"path":"/Users/priebe/git/diesel/source/wral/applications/javascript/mailshredder/src/store/setup/mutations.js","statementMap":{"0":{"start":{"line":2,"column":2},"end":{"line":2,"column":31}},"1":{"start":{"line":6,"column":2},"end":{"line":6,"column":31}},"2":{"start":{"line":10,"column":2},"end":{"line":10,"column":33}},"3":{"start":{"line":14,"column":2},"end":{"line":14,"column":29}},"4":{"start":{"line":18,"column":2},"end":{"line":18,"column":31}},"5":{"start":{"line":22,"column":2},"end":{"line":22,"column":41}}},"fnMap":{"0":{"name":"updateDcUsername","decl":{"start":{"line":1,"column":16},"end":{"line":1,"column":32}},"loc":{"start":{"line":1,"column":53},"end":{"line":3,"column":1}},"line":1},"1":{"name":"updateDcPassword","decl":{"start":{"line":5,"column":16},"end":{"line":5,"column":32}},"loc":{"start":{"line":5,"column":53},"end":{"line":7,"column":1}},"line":5},"2":{"name":"updateDcProjectId","decl":{"start":{"line":9,"column":16},"end":{"line":9,"column":33}},"loc":{"start":{"line":9,"column":55},"end":{"line":11,"column":1}},"line":9},"3":{"name":"updateInputFile","decl":{"start":{"line":13,"column":16},"end":{"line":13,"column":31}},"loc":{"start":{"line":13,"column":51},"end":{"line":15,"column":1}},"line":13},"4":{"name":"updatePerformOCR","decl":{"start":{"line":17,"column":16},"end":{"line":17,"column":32}},"loc":{"start":{"line":17,"column":53},"end":{"line":19,"column":1}},"line":17},"5":{"name":"updateUnpackPortfolio","decl":{"start":{"line":21,"column":16},"end":{"line":21,"column":37}},"loc":{"start":{"line":21,"column":63},"end":{"line":23,"column":1}},"line":21}},"branchMap":{},"s":{"0":0,"1":0,"2":0,"3":0,"4":0,"5":0},"f":{"0":0,"1":0,"2":0,"3":0,"4":0,"5":0},"b":{},"hash":"688c7ab6dffa163406140f4d15444d3927e7e6c1"}
,"/Users/priebe/git/diesel/source/wral/applications/javascript/mailshredder/src/store/setup/state.js": {"path":"/Users/priebe/git/diesel/source/wral/applications/javascript/mailshredder/src/store/setup/state.js","statementMap":{},"fnMap":{},"branchMap":{},"s":{},"f":{},"b":{},"hash":"1201952571f1bf18d0dd1cbb78d9bb196db86396"}
}
