TN:
SF:/Users/priebe/git/diesel/source/wral/applications/javascript/mailshredder/src-electron/main-process/electron-main.dev.js
FN:12,(anonymous_0)
FN:15,(anonymous_1)
FN:16,(anonymous_2)
FNF:3
FNH:0
FNDA:0,(anonymous_0)
FNDA:0,(anonymous_1)
FNDA:0,(anonymous_2)
DA:9,0
DA:12,0
DA:13,0
DA:14,0
DA:17,0
DA:22,0
LF:6
LH:0
BRF:0
BRH:0
end_of_record
TN:
SF:/Users/priebe/git/diesel/source/wral/applications/javascript/mailshredder/src-electron/main-process/electron-main.js
FN:16,createWindow
FN:39,(anonymous_1)
FN:46,(anonymous_2)
FN:52,createMenu
FN:65,(anonymous_4)
FN:72,(anonymous_5)
FNF:6
FNH:0
FNDA:0,createWindow
FNDA:0,(anonymous_1)
FNDA:0,(anonymous_2)
FNDA:0,createMenu
FNDA:0,(anonymous_4)
FNDA:0,(anonymous_5)
DA:3,0
DA:4,0
DA:10,0
DA:11,0
DA:17,0
DA:19,0
DA:20,0
DA:30,0
DA:37,0
DA:39,0
DA:40,0
DA:44,0
DA:46,0
DA:47,0
DA:48,0
DA:53,0
DA:66,0
DA:73,0
DA:79,0
DA:118,0
DA:123,0
LF:21
LH:0
BRDA:10,0,0,0
BRDA:10,0,1,0
BRDA:19,1,0,0
BRDA:19,1,1,0
BRDA:47,2,0,0
BRDA:47,2,1,0
BRF:6
BRH:0
end_of_record
TN:
SF:/Users/priebe/git/diesel/source/wral/applications/javascript/mailshredder/src-pwa/custom-service-worker.js
FNF:0
FNH:0
LF:0
LH:0
BRF:0
BRH:0
end_of_record
TN:
SF:/Users/priebe/git/diesel/source/wral/applications/javascript/mailshredder/src-pwa/register-service-worker.js
FN:14,(anonymous_0)
FN:18,(anonymous_1)
FN:22,(anonymous_2)
FN:26,(anonymous_3)
FN:30,(anonymous_4)
FN:34,(anonymous_5)
FN:38,(anonymous_6)
FNF:7
FNH:0
FNDA:0,(anonymous_0)
FNDA:0,(anonymous_1)
FNDA:0,(anonymous_2)
FNDA:0,(anonymous_3)
FNDA:0,(anonymous_4)
FNDA:0,(anonymous_5)
FNDA:0,(anonymous_6)
DA:7,0
DA:15,0
DA:19,0
DA:23,0
DA:27,0
DA:31,0
DA:35,0
DA:39,0
LF:8
LH:0
BRF:0
BRH:0
end_of_record
TN:
SF:/Users/priebe/git/diesel/source/wral/applications/javascript/mailshredder/src/boot/axios.js
FN:3,(anonymous_0)
FNF:1
FNH:0
FNDA:0,(anonymous_0)
DA:4,0
LF:1
LH:0
BRF:0
BRH:0
end_of_record
TN:
SF:/Users/priebe/git/diesel/source/wral/applications/javascript/mailshredder/src/boot/vuelidate.js
FN:3,(anonymous_0)
FNF:1
FNH:0
FNDA:0,(anonymous_0)
DA:4,0
LF:1
LH:0
BRF:0
BRH:0
end_of_record
TN:
SF:/Users/priebe/git/diesel/source/wral/applications/javascript/mailshredder/src/components/StepFilter.vue
FN:136,data
FN:173,sort
FN:183,sort
FN:194,get
FN:202,get
FN:205,set
FN:210,get
FN:213,set
FN:218,get
FN:221,set
FN:226,get
FN:229,set
FN:234,mounted
FN:238,selectAll
FN:245,selectNone
FN:248,invertSelection
FN:249,(anonymous_17)
FN:251,removeUnselected
FN:258,showLog
FN:262,showDir
FN:265,preview
FN:275,processFile
FN:291,notify
FN:350,containsEml
FN:364,domDecoder
FN:372,(anonymous_26)
FN:412,(anonymous_27)
FN:415,(anonymous_28)
FN:418,(anonymous_29)
FN:425,(anonymous_30)
FN:429,(anonymous_31)
FNF:31
FNH:0
FNDA:0,data
FNDA:0,sort
FNDA:0,sort
FNDA:0,get
FNDA:0,get
FNDA:0,set
FNDA:0,get
FNDA:0,set
FNDA:0,get
FNDA:0,set
FNDA:0,get
FNDA:0,set
FNDA:0,mounted
FNDA:0,selectAll
FNDA:0,selectNone
FNDA:0,invertSelection
FNDA:0,(anonymous_17)
FNDA:0,removeUnselected
FNDA:0,showLog
FNDA:0,showDir
FNDA:0,preview
FNDA:0,processFile
FNDA:0,notify
FNDA:0,containsEml
FNDA:0,domDecoder
FNDA:0,(anonymous_26)
FNDA:0,(anonymous_27)
FNDA:0,(anonymous_28)
FNDA:0,(anonymous_29)
FNDA:0,(anonymous_30)
FNDA:0,(anonymous_31)
DA:120,0
DA:121,0
DA:122,0
DA:123,0
DA:125,0
DA:126,0
DA:127,0
DA:128,0
DA:130,0
DA:132,0
DA:137,0
DA:173,0
DA:183,0
DA:195,0
DA:196,0
DA:198,0
DA:203,0
DA:206,0
DA:211,0
DA:214,0
DA:219,0
DA:222,0
DA:227,0
DA:230,0
DA:235,0
DA:239,0
DA:240,0
DA:241,0
DA:243,0
DA:246,0
DA:248,0
DA:249,0
DA:252,0
DA:253,0
DA:254,0
DA:256,0
DA:259,0
DA:260,0
DA:263,0
DA:266,0
DA:267,0
DA:268,0
DA:269,0
DA:270,0
DA:271,0
DA:275,0
DA:276,0
DA:283,0
DA:284,0
DA:285,0
DA:288,0
DA:290,0
DA:292,0
DA:297,0
DA:298,0
DA:300,0
DA:301,0
DA:302,0
DA:303,0
DA:304,0
DA:305,0
DA:307,0
DA:308,0
DA:309,0
DA:311,0
DA:312,0
DA:318,0
DA:320,0
DA:321,0
DA:322,0
DA:327,0
DA:333,0
DA:335,0
DA:343,0
DA:351,0
DA:353,0
DA:354,0
DA:355,0
DA:359,0
DA:365,0
DA:366,0
DA:367,0
DA:370,0
DA:371,0
DA:372,0
DA:373,0
DA:375,0
DA:376,0
DA:377,0
DA:378,0
DA:379,0
DA:380,0
DA:381,0
DA:382,0
DA:384,0
DA:385,0
DA:388,0
DA:389,0
DA:390,0
DA:391,0
DA:395,0
DA:403,0
DA:404,0
DA:408,0
DA:409,0
DA:411,0
DA:412,0
DA:413,0
DA:415,0
DA:416,0
DA:418,0
DA:419,0
DA:421,0
DA:422,0
DA:423,0
DA:426,0
DA:427,0
DA:428,0
DA:430,0
LF:119
LH:0
BRDA:195,0,0,0
BRDA:195,0,1,0
BRDA:269,1,0,0
BRDA:269,1,1,0
BRDA:283,2,0,0
BRDA:283,2,1,0
BRDA:311,3,0,0
BRDA:311,3,1,0
BRDA:320,4,0,0
BRDA:320,4,1,0
BRDA:321,5,0,0
BRDA:321,5,1,0
BRDA:354,6,0,0
BRDA:354,6,1,0
BRDA:381,7,0,0
BRDA:381,7,1,0
BRDA:384,8,0,0
BRDA:384,8,1,0
BRDA:388,9,0,0
BRDA:388,9,1,0
BRDA:390,10,0,0
BRDA:390,10,1,0
BRDA:390,11,0,0
BRDA:390,11,1,0
BRDA:397,12,0,0
BRDA:397,12,1,0
BRDA:398,13,0,0
BRDA:398,13,1,0
BRDA:399,14,0,0
BRDA:399,14,1,0
BRDA:411,15,0,0
BRDA:411,15,1,0
BRF:32
BRH:0
end_of_record
TN:
SF:/Users/priebe/git/diesel/source/wral/applications/javascript/mailshredder/src/components/StepSetup.vue
FN:62,data
FN:72,get
FN:75,set
FN:80,get
FN:83,set
FN:88,get
FN:91,set
FN:96,get
FN:99,set
FN:104,get
FN:107,set
FN:112,get
FN:115,set
FN:121,browseForFile
FN:131,(anonymous_15)
FN:138,validate
FN:171,(anonymous_17)
FN:176,(anonymous_18)
FNF:18
FNH:0
FNDA:0,data
FNDA:0,get
FNDA:0,set
FNDA:0,get
FNDA:0,set
FNDA:0,get
FNDA:0,set
FNDA:0,get
FNDA:0,set
FNDA:0,get
FNDA:0,set
FNDA:0,get
FNDA:0,set
FNDA:0,browseForFile
FNDA:0,(anonymous_15)
FNDA:0,validate
FNDA:0,(anonymous_17)
FNDA:0,(anonymous_18)
DA:54,0
DA:55,0
DA:56,0
DA:62,0
DA:73,0
DA:76,0
DA:81,0
DA:84,0
DA:89,0
DA:92,0
DA:97,0
DA:100,0
DA:105,0
DA:108,0
DA:113,0
DA:116,0
DA:121,0
DA:122,0
DA:131,0
DA:132,0
DA:133,0
DA:134,0
DA:138,0
DA:139,0
DA:140,0
DA:141,0
DA:145,0
DA:148,0
DA:149,0
DA:150,0
DA:154,0
DA:156,0
DA:157,0
DA:161,0
DA:165,0
DA:171,0
DA:172,0
DA:177,0
LF:38
LH:0
BRDA:132,0,0,0
BRDA:132,0,1,0
BRDA:132,1,0,0
BRDA:132,1,1,0
BRDA:140,2,0,0
BRDA:140,2,1,0
BRDA:148,3,0,0
BRDA:148,3,1,0
BRDA:149,4,0,0
BRDA:149,4,1,0
BRDA:156,5,0,0
BRDA:156,5,1,0
BRF:12
BRH:0
end_of_record
TN:
SF:/Users/priebe/git/diesel/source/wral/applications/javascript/mailshredder/src/components/StepUpload.vue
FN:18,data
FN:23,mounted
FN:27,uploadFiles
FN:50,(anonymous_4)
FN:56,(anonymous_5)
FN:58,(anonymous_6)
FNF:6
FNH:0
FNDA:0,data
FNDA:0,mounted
FNDA:0,uploadFiles
FNDA:0,(anonymous_4)
FNDA:0,(anonymous_5)
FNDA:0,(anonymous_6)
DA:12,0
DA:18,0
DA:24,0
DA:27,0
DA:28,0
DA:29,0
DA:31,0
DA:33,0
DA:35,0
DA:36,0
DA:37,0
DA:38,0
DA:39,0
DA:42,0
DA:48,0
DA:49,0
DA:50,0
DA:51,0
DA:52,0
DA:53,0
DA:56,0
DA:57,0
DA:59,0
LF:23
LH:0
BRF:0
BRH:0
end_of_record
TN:
SF:/Users/priebe/git/diesel/source/wral/applications/javascript/mailshredder/src/layouts/MyLayout.vue
FN:14,data
FNF:1
FNH:0
FNDA:0,data
DA:10,0
DA:15,0
LF:2
LH:0
BRF:0
BRH:0
end_of_record
TN:
SF:/Users/priebe/git/diesel/source/wral/applications/javascript/mailshredder/src/lib/readers/MonolithicPdfReader.js
FN:8,(anonymous_0)
FN:65,processLine
FN:134,processText
FN:149,processPage
FN:172,finishParsing
FN:181,onPdfItem
FN:193,(anonymous_6)
FN:196,(anonymous_7)
FN:207,(anonymous_8)
FNF:9
FNH:8
FNDA:2,(anonymous_0)
FNDA:67665,processLine
FNDA:573989,processText
FNDA:2024,processPage
FNDA:2,finishParsing
FNDA:576015,onPdfItem
FNDA:2,(anonymous_6)
FNDA:2,(anonymous_7)
FNDA:0,(anonymous_8)
DA:1,1
DA:2,1
DA:4,1
DA:8,1
DA:9,2
DA:29,2
DA:31,2
DA:33,2
DA:34,2
DA:35,2
DA:36,2
DA:37,2
DA:38,2
DA:39,2
DA:40,2
DA:41,2
DA:47,2
DA:49,2
DA:50,0
DA:53,2
DA:54,0
DA:57,2
DA:58,0
DA:59,0
DA:62,2
DA:63,2
DA:66,67665
DA:67,2025
DA:70,65640
DA:72,65640
DA:73,60652
DA:76,4988
DA:77,4988
DA:79,4988
DA:80,319
DA:82,319
DA:83,319
DA:84,319
DA:86,319
DA:87,319
DA:90,319
DA:96,319
DA:97,317
DA:101,319
DA:107,319
DA:108,319
DA:112,4988
DA:113,1683
DA:114,1683
DA:116,3305
DA:117,3305
DA:119,3305
DA:120,3305
DA:121,2833
DA:122,1489
DA:125,472
DA:126,410
DA:129,1406
DA:135,573989
DA:137,573989
DA:139,573989
DA:140,65641
DA:141,65641
DA:142,65641
DA:143,65641
DA:145,508348
DA:150,2024
DA:152,2024
DA:153,2024
DA:156,2024
DA:157,2024
DA:158,2024
DA:159,2024
DA:166,2024
DA:167,2024
DA:168,2024
DA:169,2024
DA:173,2
DA:174,2
DA:178,2
DA:182,576015
DA:183,0
DA:184,576015
DA:185,2
DA:186,576013
DA:187,2024
DA:188,573989
DA:189,573989
DA:193,2
DA:194,2
DA:196,2
DA:197,2
DA:198,2
DA:201,2
DA:203,2
DA:204,0
DA:206,0
DA:207,0
DA:208,0
DA:209,0
DA:210,0
DA:213,2
DA:214,2
DA:217,2
LF:104
LH:93
BRDA:49,0,0,0
BRDA:49,0,1,2
BRDA:53,1,0,0
BRDA:53,1,1,2
BRDA:57,2,0,0
BRDA:57,2,1,2
BRDA:66,3,0,2025
BRDA:66,3,1,65640
BRDA:72,4,0,60652
BRDA:72,4,1,4988
BRDA:79,5,0,319
BRDA:79,5,1,4669
BRDA:86,6,0,319
BRDA:86,6,1,0
BRDA:96,7,0,317
BRDA:96,7,1,2
BRDA:107,8,0,319
BRDA:107,8,1,0
BRDA:112,9,0,1683
BRDA:112,9,1,3305
BRDA:119,10,0,3305
BRDA:119,10,1,0
BRDA:120,11,0,2833
BRDA:120,11,1,472
BRDA:121,12,0,1489
BRDA:121,12,1,1344
BRDA:125,13,0,410
BRDA:125,13,1,62
BRDA:139,14,0,65641
BRDA:139,14,1,508348
BRDA:152,15,0,2024
BRDA:152,15,1,0
BRDA:173,16,0,2
BRDA:173,16,1,0
BRDA:182,17,0,0
BRDA:182,17,1,576015
BRDA:184,18,0,2
BRDA:184,18,1,576013
BRDA:186,19,0,2024
BRDA:186,19,1,573989
BRDA:188,20,0,573989
BRDA:188,20,1,0
BRDA:203,21,0,0
BRDA:203,21,1,2
BRF:44
BRH:33
end_of_record
TN:
SF:/Users/priebe/git/diesel/source/wral/applications/javascript/mailshredder/src/lib/readers/MultipleEmlReader.js
FN:8,(anonymous_0)
FN:42,getImportantHeaders
FN:69,zeroFill
FN:77,encodeEntities
FN:78,(anonymous_4)
FN:84,insertHeaders
FN:102,extractFiles
FN:179,parseNext
FN:186,(anonymous_8)
FN:214,convertNext
FN:233,(anonymous_10)
FN:241,convertToPdf
FN:247,(anonymous_12)
FN:250,(anonymous_13)
FN:257,(anonymous_14)
FNF:15
FNH:0
FNDA:0,(anonymous_0)
FNDA:0,getImportantHeaders
FNDA:0,zeroFill
FNDA:0,encodeEntities
FNDA:0,(anonymous_4)
FNDA:0,insertHeaders
FNDA:0,extractFiles
FNDA:0,parseNext
FNDA:0,(anonymous_8)
FNDA:0,convertNext
FNDA:0,(anonymous_10)
FNDA:0,convertToPdf
FNDA:0,(anonymous_12)
FNDA:0,(anonymous_13)
FNDA:0,(anonymous_14)
DA:1,0
DA:2,0
DA:3,0
DA:6,0
DA:8,0
DA:9,0
DA:14,0
DA:16,0
DA:18,0
DA:19,0
DA:20,0
DA:22,0
DA:24,0
DA:25,0
DA:27,0
DA:29,0
DA:30,0
DA:33,0
DA:34,0
DA:37,0
DA:38,0
DA:43,0
DA:45,0
DA:54,0
DA:55,0
DA:56,0
DA:59,0
DA:66,0
DA:70,0
DA:71,0
DA:72,0
DA:74,0
DA:78,0
DA:79,0
DA:81,0
DA:85,0
DA:92,0
DA:93,0
DA:94,0
DA:95,0
DA:97,0
DA:99,0
DA:104,0
DA:105,0
DA:106,0
DA:108,0
DA:110,0
DA:111,0
DA:112,0
DA:115,0
DA:117,0
DA:119,0
DA:120,0
DA:121,0
DA:122,0
DA:123,0
DA:126,0
DA:127,0
DA:128,0
DA:129,0
DA:130,0
DA:131,0
DA:132,0
DA:136,0
DA:137,0
DA:138,0
DA:139,0
DA:140,0
DA:141,0
DA:142,0
DA:149,0
DA:150,0
DA:151,0
DA:152,0
DA:154,0
DA:155,0
DA:159,0
DA:160,0
DA:161,0
DA:162,0
DA:165,0
DA:166,0
DA:167,0
DA:170,0
DA:171,0
DA:174,0
DA:175,0
DA:176,0
DA:180,0
DA:181,0
DA:182,0
DA:185,0
DA:186,0
DA:187,0
DA:188,0
DA:189,0
DA:192,0
DA:194,0
DA:196,0
DA:209,0
DA:210,0
DA:215,0
DA:216,0
DA:217,0
DA:218,0
DA:221,0
DA:223,0
DA:224,0
DA:225,0
DA:226,0
DA:229,0
DA:230,0
DA:231,0
DA:233,0
DA:234,0
DA:235,0
DA:236,0
DA:237,0
DA:242,0
DA:243,0
DA:244,0
DA:247,0
DA:248,0
DA:250,0
DA:251,0
DA:252,0
DA:255,0
DA:257,0
DA:258,0
DA:259,0
DA:262,0
DA:263,0
DA:264,0
DA:265,0
DA:267,0
DA:270,0
DA:271,0
DA:274,0
LF:138
LH:0
BRDA:29,0,0,0
BRDA:29,0,1,0
BRDA:33,1,0,0
BRDA:33,1,1,0
BRDA:56,2,0,0
BRDA:56,2,1,0
BRDA:71,3,0,0
BRDA:71,3,1,0
BRDA:72,4,0,0
BRDA:72,4,1,0
BRDA:110,5,0,0
BRDA:110,5,1,0
BRDA:119,6,0,0
BRDA:119,6,1,0
BRDA:122,7,0,0
BRDA:122,7,1,0
BRDA:128,8,0,0
BRDA:128,8,1,0
BRDA:136,9,0,0
BRDA:136,9,1,0
BRDA:136,10,0,0
BRDA:136,10,1,0
BRDA:138,11,0,0
BRDA:138,11,1,0
BRDA:151,12,0,0
BRDA:151,12,1,0
BRDA:154,13,0,0
BRDA:154,13,1,0
BRDA:166,14,0,0
BRDA:166,14,1,0
BRDA:180,15,0,0
BRDA:180,15,1,0
BRDA:187,16,0,0
BRDA:187,16,1,0
BRDA:215,17,0,0
BRDA:215,17,1,0
BRDA:223,18,0,0
BRDA:223,18,1,0
BRDA:258,19,0,0
BRDA:258,19,1,0
BRDA:264,20,0,0
BRDA:264,20,1,0
BRF:42
BRH:0
end_of_record
TN:
SF:/Users/priebe/git/diesel/source/wral/applications/javascript/mailshredder/src/lib/readers/MultiplePdfReader.js
FN:8,(anonymous_0)
FN:69,processLine
FN:123,processText
FN:136,processPage
FN:158,finishParsing
FN:177,onPdfItem
FN:189,parseNext
FN:196,(anonymous_7)
FN:207,(anonymous_8)
FN:210,(anonymous_9)
FN:217,(anonymous_10)
FN:225,reallyRead
FN:228,(anonymous_12)
FNF:13
FNH:13
FNDA:3,(anonymous_0)
FNDA:39705,processLine
FNDA:266429,processText
FNDA:899,processPage
FNDA:192,finishParsing
FNDA:267520,onPdfItem
FNDA:192,parseNext
FNDA:10,(anonymous_7)
FNDA:3,(anonymous_8)
FNDA:3,(anonymous_9)
FNDA:1,(anonymous_10)
FNDA:3,reallyRead
FNDA:3,(anonymous_12)
DA:1,1
DA:2,1
DA:4,1
DA:8,1
DA:9,3
DA:24,3
DA:26,3
DA:28,3
DA:29,3
DA:30,3
DA:31,3
DA:32,3
DA:33,3
DA:34,3
DA:35,3
DA:36,3
DA:42,3
DA:43,3
DA:45,3
DA:46,3
DA:48,3
DA:49,0
DA:52,3
DA:53,0
DA:56,3
DA:57,1
DA:58,1
DA:61,3
DA:62,1
DA:63,1
DA:66,3
DA:67,3
DA:70,39705
DA:71,899
DA:74,38806
DA:76,38806
DA:77,37660
DA:80,1146
DA:81,1146
DA:83,1146
DA:84,189
DA:86,189
DA:91,189
DA:94,189
DA:100,189
DA:103,1146
DA:104,916
DA:105,916
DA:107,230
DA:108,230
DA:110,230
DA:111,6
DA:112,4
DA:115,224
DA:116,223
DA:119,3
DA:124,266429
DA:126,266429
DA:127,38806
DA:128,38806
DA:129,38806
DA:130,38806
DA:132,227623
DA:137,899
DA:138,707
DA:141,899
DA:143,899
DA:144,899
DA:145,899
DA:146,899
DA:154,899
DA:155,899
DA:159,192
DA:161,192
DA:162,190
DA:167,192
DA:169,192
DA:170,3
DA:171,3
DA:174,189
DA:178,267520
DA:179,0
DA:180,267520
DA:181,192
DA:182,267328
DA:183,899
DA:184,266429
DA:185,266429
DA:190,192
DA:191,192
DA:193,192
DA:194,10
DA:195,10
DA:196,10
DA:197,10
DA:198,10
DA:199,10
DA:202,182
DA:203,182
DA:207,3
DA:208,3
DA:210,3
DA:211,3
DA:212,3
DA:215,3
DA:216,1
DA:217,1
DA:218,1
DA:219,1
DA:222,2
DA:226,3
DA:228,3
DA:229,3
DA:230,0
DA:233,3
DA:234,3
DA:235,196
DA:236,4
DA:238,192
DA:241,3
DA:242,3
DA:246,3
LF:122
LH:118
BRDA:48,0,0,0
BRDA:48,0,1,3
BRDA:52,1,0,0
BRDA:52,1,1,3
BRDA:56,2,0,1
BRDA:56,2,1,2
BRDA:61,3,0,1
BRDA:61,3,1,2
BRDA:70,4,0,899
BRDA:70,4,1,38806
BRDA:76,5,0,37660
BRDA:76,5,1,1146
BRDA:83,6,0,189
BRDA:83,6,1,957
BRDA:103,7,0,916
BRDA:103,7,1,230
BRDA:110,8,0,6
BRDA:110,8,1,224
BRDA:111,9,0,4
BRDA:111,9,1,2
BRDA:115,10,0,223
BRDA:115,10,1,1
BRDA:126,11,0,38806
BRDA:126,11,1,227623
BRDA:137,12,0,707
BRDA:137,12,1,192
BRDA:161,13,0,190
BRDA:161,13,1,2
BRDA:169,14,0,3
BRDA:169,14,1,189
BRDA:178,15,0,0
BRDA:178,15,1,267520
BRDA:180,16,0,192
BRDA:180,16,1,267328
BRDA:182,17,0,899
BRDA:182,17,1,266429
BRDA:184,18,0,266429
BRDA:184,18,1,0
BRDA:193,19,0,10
BRDA:193,19,1,182
BRDA:215,20,0,1
BRDA:215,20,1,2
BRDA:229,21,0,0
BRDA:229,21,1,3
BRDA:235,22,0,4
BRDA:235,22,1,192
BRF:46
BRH:41
end_of_record
TN:
SF:/Users/priebe/git/diesel/source/wral/applications/javascript/mailshredder/src/lib/uploaders/DocumentCloudUploader.js
FN:7,(anonymous_0)
FN:28,(anonymous_1)
FN:29,(anonymous_2)
FN:30,(anonymous_3)
FN:55,uploadFile
FN:56,(anonymous_5)
FN:67,(anonymous_6)
FN:90,getMetaData
FN:121,recordResult
FN:138,(anonymous_9)
FN:145,(anonymous_10)
FNF:11
FNH:0
FNDA:0,(anonymous_0)
FNDA:0,(anonymous_1)
FNDA:0,(anonymous_2)
FNDA:0,(anonymous_3)
FNDA:0,uploadFile
FNDA:0,(anonymous_5)
FNDA:0,(anonymous_6)
FNDA:0,getMetaData
FNDA:0,recordResult
FNDA:0,(anonymous_9)
FNDA:0,(anonymous_10)
DA:1,0
DA:2,0
DA:3,0
DA:4,0
DA:5,0
DA:7,0
DA:8,0
DA:10,0
DA:16,0
DA:17,0
DA:20,0
DA:22,0
DA:23,0
DA:26,0
DA:28,0
DA:29,0
DA:30,0
DA:31,0
DA:32,0
DA:33,0
DA:36,0
DA:37,0
DA:38,0
DA:41,0
DA:43,0
DA:44,0
DA:45,0
DA:46,0
DA:49,0
DA:52,0
DA:56,0
DA:57,0
DA:58,0
DA:65,0
DA:67,0
DA:68,0
DA:69,0
DA:70,0
DA:72,0
DA:73,0
DA:74,0
DA:77,0
DA:78,0
DA:81,0
DA:82,0
DA:83,0
DA:87,0
DA:91,0
DA:93,0
DA:95,0
DA:96,0
DA:97,0
DA:98,0
DA:99,0
DA:100,0
DA:101,0
DA:103,0
DA:104,0
DA:108,0
DA:110,0
DA:113,0
DA:122,0
DA:123,0
DA:125,0
DA:128,0
DA:130,0
DA:131,0
DA:132,0
DA:135,0
DA:138,0
DA:139,0
DA:140,0
DA:141,0
DA:142,0
DA:143,0
DA:145,0
DA:146,0
DA:147,0
DA:148,0
DA:152,0
LF:80
LH:0
BRDA:16,0,0,0
BRDA:16,0,1,0
BRDA:22,1,0,0
BRDA:22,1,1,0
BRDA:31,2,0,0
BRDA:31,2,1,0
BRDA:36,3,0,0
BRDA:36,3,1,0
BRDA:44,4,0,0
BRDA:44,4,1,0
BRDA:68,5,0,0
BRDA:68,5,1,0
BRDA:72,6,0,0
BRDA:72,6,1,0
BRDA:97,7,0,0
BRDA:97,7,1,0
BRDA:103,8,0,0
BRDA:103,8,1,0
BRDA:122,9,0,0
BRDA:122,9,1,0
BRDA:130,10,0,0
BRDA:130,10,1,0
BRF:22
BRH:0
end_of_record
TN:
SF:/Users/priebe/git/diesel/source/wral/applications/javascript/mailshredder/src/lib/utils/EmailHeaderScanner.js
FN:2,(anonymous_0)
FN:12,containsEmail
FN:20,headerShouldHaveAddresses
FN:28,scanForNewHeader
FN:61,scanForTypicalHeaders
FN:104,foundCriticalHeaders
FN:113,getStartOfHeaderBlock
FN:136,(anonymous_7)
FN:155,(anonymous_8)
FNF:9
FNH:9
FNDA:5,(anonymous_0)
FNDA:117,containsEmail
FNDA:649,headerShouldHaveAddresses
FNDA:6134,scanForNewHeader
FNDA:6134,scanForTypicalHeaders
FNDA:3535,foundCriticalHeaders
FNDA:508,getStartOfHeaderBlock
FNDA:6134,(anonymous_7)
FNDA:3431,(anonymous_8)
DA:2,2
DA:3,5
DA:4,5
DA:5,5
DA:6,5
DA:10,5
DA:13,117
DA:14,62
DA:17,55
DA:21,649
DA:22,90
DA:25,559
DA:29,6134
DA:30,6134
DA:31,3597
DA:36,2537
DA:37,4748
DA:38,4748
DA:39,4748
DA:40,19
DA:44,2518
DA:49,2518
DA:51,2518
DA:52,2518
DA:53,2518
DA:54,108
DA:55,108
DA:58,2518
DA:63,6134
DA:64,6134
DA:65,2518
DA:66,2518
DA:73,3616
DA:77,117
DA:78,62
DA:79,62
DA:93,3554
DA:94,90
DA:95,19
DA:96,19
DA:100,3535
DA:101,3535
DA:105,3535
DA:107,508
DA:110,3027
DA:114,508
DA:119,508
DA:120,508
DA:121,2401
DA:122,2401
DA:123,2401
DA:124,508
DA:125,508
DA:129,508
DA:130,0
DA:133,508
DA:136,5
DA:137,6134
DA:138,6134
DA:139,2599
DA:143,3535
DA:144,508
DA:145,508
DA:146,508
DA:147,508
DA:148,508
DA:152,3027
DA:155,5
DA:156,3431
DA:157,3431
DA:158,3431
LF:71
LH:70
BRDA:13,0,0,62
BRDA:13,0,1,55
BRDA:21,1,0,90
BRDA:21,1,1,559
BRDA:30,2,0,3597
BRDA:30,2,1,2537
BRDA:39,3,0,19
BRDA:39,3,1,4729
BRDA:53,4,0,108
BRDA:53,4,1,2410
BRDA:64,5,0,2518
BRDA:64,5,1,3616
BRDA:73,6,0,117
BRDA:73,6,1,3499
BRDA:77,7,0,62
BRDA:77,7,1,55
BRDA:93,8,0,90
BRDA:93,8,1,3464
BRDA:93,9,0,3554
BRDA:93,9,1,649
BRDA:94,10,0,19
BRDA:94,10,1,71
BRDA:105,11,0,508
BRDA:105,11,1,3027
BRDA:105,12,0,3535
BRDA:105,12,1,626
BRDA:105,12,2,520
BRDA:105,12,3,129
BRDA:123,13,0,508
BRDA:123,13,1,1893
BRDA:123,14,0,2401
BRDA:123,14,1,1893
BRDA:123,14,2,1893
BRDA:129,15,0,0
BRDA:129,15,1,508
BRDA:138,16,0,2599
BRDA:138,16,1,3535
BRDA:143,17,0,508
BRDA:143,17,1,3027
BRDA:145,18,0,508
BRDA:145,18,1,0
BRF:41
BRH:39
end_of_record
TN:
SF:/Users/priebe/git/diesel/source/wral/applications/javascript/mailshredder/src/lib/utils/EmailReportGenerator.js
FN:5,EmailReportGenerator
FN:10,scanEmail
FN:19,(anonymous_2)
FN:33,sortObject
FN:43,(anonymous_4)
FN:48,outputSortedObject
FN:66,(anonymous_6)
FNF:7
FNH:0
FNDA:0,EmailReportGenerator
FNDA:0,scanEmail
FNDA:0,(anonymous_2)
FNDA:0,sortObject
FNDA:0,(anonymous_4)
FNDA:0,outputSortedObject
FNDA:0,(anonymous_6)
DA:1,0
DA:2,0
DA:3,0
DA:6,0
DA:7,0
DA:8,0
DA:11,0
DA:12,0
DA:13,0
DA:14,0
DA:15,0
DA:18,0
DA:19,0
DA:20,0
DA:22,0
DA:23,0
DA:25,0
DA:26,0
DA:28,0
DA:30,0
DA:34,0
DA:35,0
DA:36,0
DA:37,0
DA:43,0
DA:45,0
DA:49,0
DA:51,0
DA:52,0
DA:53,0
DA:54,0
DA:55,0
DA:56,0
DA:58,0
DA:60,0
DA:62,0
DA:66,0
DA:67,0
DA:69,0
DA:70,0
DA:72,0
DA:73,0
DA:75,0
DA:78,0
DA:79,0
DA:80,0
DA:81,0
DA:82,0
DA:84,0
DA:86,0
DA:89,0
DA:90,0
DA:92,0
DA:93,0
DA:97,0
LF:55
LH:0
BRDA:11,0,0,0
BRDA:11,0,1,0
BRDA:12,1,0,0
BRDA:12,1,1,0
BRDA:13,2,0,0
BRDA:13,2,1,0
BRDA:14,3,0,0
BRDA:14,3,1,0
BRDA:19,4,0,0
BRDA:19,4,1,0
BRDA:23,5,0,0
BRDA:23,5,1,0
BRDA:36,6,0,0
BRDA:36,6,1,0
BRDA:55,7,0,0
BRDA:55,7,1,0
BRF:16
BRH:0
end_of_record
TN:
SF:/Users/priebe/git/diesel/source/wral/applications/javascript/mailshredder/src/lib/utils/Filesystem.js
FN:5,isDirEmpty
FN:14,isDir
FN:24,ensureDirectoryExists
FN:34,ucFirst
FN:46,findExecutable
FNF:5
FNH:2
FNDA:0,isDirEmpty
FNDA:7,isDir
FNDA:7,ensureDirectoryExists
FNDA:0,ucFirst
FNDA:0,findExecutable
DA:2,2
DA:3,2
DA:6,0
DA:7,0
DA:8,0
DA:10,0
DA:15,7
DA:16,7
DA:17,7
DA:20,0
DA:25,7
DA:26,7
DA:29,7
DA:30,0
DA:35,0
DA:47,0
DA:53,0
DA:54,0
DA:55,0
DA:56,0
DA:57,0
DA:58,0
DA:59,0
DA:60,0
DA:63,0
DA:64,0
DA:67,2
LF:27
LH:9
BRDA:25,0,0,7
BRDA:25,0,1,0
BRDA:29,1,0,0
BRDA:29,1,1,7
BRDA:56,2,0,0
BRDA:56,2,1,0
BRF:6
BRH:2
end_of_record
TN:
SF:/Users/priebe/git/diesel/source/wral/applications/javascript/mailshredder/src/lib/utils/Logger.js
FN:7,init
FN:18,(anonymous_1)
FN:29,getLogger
FN:33,getLogfile
FNF:4
FNH:3
FNDA:5,init
FNDA:110097,(anonymous_1)
FNDA:209,getLogger
FNDA:0,getLogfile
DA:1,2
DA:2,2
DA:4,2
DA:5,2
DA:8,5
DA:10,5
DA:18,110097
DA:30,209
DA:34,0
DA:37,2
LF:10
LH:9
BRF:0
BRH:0
end_of_record
TN:
SF:/Users/priebe/git/diesel/source/wral/applications/javascript/mailshredder/src/lib/utils/PDFUtils.js
FN:9,(anonymous_0)
FN:10,(anonymous_1)
FN:12,(anonymous_2)
FN:24,pathToFileURL
FN:42,(anonymous_4)
FN:49,(anonymous_5)
FN:52,(anonymous_6)
FN:58,(anonymous_7)
FN:64,(anonymous_8)
FN:71,(anonymous_9)
FN:112,(anonymous_10)
FN:126,(anonymous_11)
FN:134,(anonymous_12)
FN:137,(anonymous_13)
FN:151,(anonymous_14)
FN:174,(anonymous_15)
FN:180,(anonymous_16)
FN:185,(anonymous_17)
FN:187,(anonymous_18)
FN:200,findExecutable
FN:220,(anonymous_20)
FNF:21
FNH:12
FNDA:10,(anonymous_0)
FNDA:1,(anonymous_1)
FNDA:1,(anonymous_2)
FNDA:0,pathToFileURL
FNDA:10,(anonymous_4)
FNDA:10,(anonymous_5)
FNDA:10,(anonymous_6)
FNDA:0,(anonymous_7)
FNDA:0,(anonymous_8)
FNDA:0,(anonymous_9)
FNDA:0,(anonymous_10)
FNDA:194,(anonymous_11)
FNDA:9898,(anonymous_12)
FNDA:194,(anonymous_13)
FNDA:7787135,(anonymous_14)
FNDA:0,(anonymous_15)
FNDA:0,(anonymous_16)
FNDA:0,(anonymous_17)
FNDA:0,(anonymous_18)
FNDA:20,findExecutable
FNDA:5,(anonymous_20)
DA:1,2
DA:2,2
DA:3,2
DA:5,2
DA:7,2
DA:9,2
DA:10,10
DA:11,1
DA:12,1
DA:13,1
DA:18,10
DA:19,10
DA:20,10
DA:21,10
DA:22,10
DA:23,10
DA:25,0
DA:27,0
DA:28,0
DA:30,0
DA:31,0
DA:32,0
DA:34,0
DA:35,0
DA:36,0
DA:37,0
DA:38,0
DA:39,0
DA:42,10
DA:43,10
DA:46,10
DA:47,10
DA:48,10
DA:49,10
DA:50,10
DA:51,10
DA:52,10
DA:53,10
DA:58,10
DA:59,0
DA:61,0
DA:62,0
DA:64,0
DA:65,0
DA:72,0
DA:74,0
DA:76,0
DA:77,0
DA:78,0
DA:79,0
DA:82,0
DA:87,0
DA:112,10
DA:113,0
DA:114,0
DA:115,0
DA:118,0
DA:119,0
DA:120,0
DA:123,0
DA:126,10
DA:127,194
DA:128,194
DA:129,194
DA:131,194
DA:133,194
DA:134,194
DA:135,9898
DA:137,194
DA:138,194
DA:139,194
DA:141,194
DA:143,194
DA:144,848777
DA:145,848777
DA:146,2923
DA:147,2923
DA:148,2923
DA:150,845854
DA:151,2923
DA:152,7787135
DA:154,2923
DA:155,840418
DA:157,2923
DA:159,845854
DA:160,845854
DA:161,840418
DA:166,840418
DA:170,194
DA:174,10
DA:175,0
DA:176,0
DA:177,0
DA:178,0
DA:179,0
DA:180,0
DA:181,0
DA:185,10
DA:186,0
DA:187,0
DA:188,0
DA:201,20
DA:207,20
DA:208,60
DA:209,60
DA:210,60
DA:211,20
DA:212,20
DA:213,20
DA:216,0
DA:217,0
DA:220,10
DA:221,5
DA:225,5
DA:228,0
LF:115
LH:70
BRDA:28,0,0,0
BRDA:28,0,1,0
BRDA:28,1,0,0
BRDA:28,1,1,0
BRDA:28,1,2,0
BRDA:28,1,3,0
BRDA:32,2,0,0
BRDA:32,2,1,0
BRDA:34,3,0,0
BRDA:34,3,1,0
BRDA:34,4,0,0
BRDA:34,4,1,0
BRDA:35,5,0,0
BRDA:35,5,1,0
BRDA:36,6,0,0
BRDA:36,6,1,0
BRDA:37,7,0,0
BRDA:37,7,1,0
BRDA:72,8,0,0
BRDA:72,8,1,0
BRDA:114,9,0,0
BRDA:114,9,1,0
BRDA:119,10,0,0
BRDA:119,10,1,0
BRDA:145,11,0,2923
BRDA:145,11,1,845854
BRDA:150,12,0,2923
BRDA:150,12,1,842931
BRDA:152,13,0,2239765
BRDA:152,13,1,5547370
BRDA:160,14,0,840418
BRDA:160,14,1,5436
BRDA:210,15,0,20
BRDA:210,15,1,40
BRDA:221,16,0,5
BRDA:221,16,1,0
BRDA:221,17,0,5
BRDA:221,17,1,5
BRDA:221,17,2,5
BRDA:221,17,3,5
BRF:40
BRH:15
end_of_record
TN:
SF:/Users/priebe/git/diesel/source/wral/applications/javascript/mailshredder/src/lib/utils/TestModule.js
FN:3,(anonymous_0)
FN:9,foo
FNF:2
FNH:0
FNDA:0,(anonymous_0)
FNDA:0,foo
DA:3,0
DA:4,0
DA:6,0
DA:7,0
DA:10,0
DA:13,0
DA:14,0
DA:17,0
LF:8
LH:0
BRF:0
BRH:0
end_of_record
TN:
SF:/Users/priebe/git/diesel/source/wral/applications/javascript/mailshredder/src/lib/writers/MonolithicPdfWriter.js
FN:4,(anonymous_0)
FN:23,isDir
FN:33,zeroFill
FN:49,(anonymous_3)
FN:53,writeUsingPageBoundaries
FN:77,(anonymous_5)
FNF:6
FNH:0
FNDA:0,(anonymous_0)
FNDA:0,isDir
FNDA:0,zeroFill
FNDA:0,(anonymous_3)
FNDA:0,writeUsingPageBoundaries
FNDA:0,(anonymous_5)
DA:1,0
DA:2,0
DA:4,0
DA:5,0
DA:13,0
DA:14,0
DA:17,0
DA:19,0
DA:20,0
DA:24,0
DA:25,0
DA:26,0
DA:29,0
DA:34,0
DA:35,0
DA:36,0
DA:38,0
DA:41,0
DA:42,0
DA:45,0
DA:46,0
DA:49,0
DA:50,0
DA:54,0
DA:55,0
DA:57,0
DA:59,0
DA:60,0
DA:61,0
DA:63,0
DA:64,0
DA:66,0
DA:68,0
DA:69,0
DA:71,0
DA:74,0
DA:77,0
DA:78,0
DA:79,0
DA:82,0
DA:83,0
DA:88,0
LF:42
LH:0
BRDA:13,0,0,0
BRDA:13,0,1,0
BRDA:19,1,0,0
BRDA:19,1,1,0
BRDA:35,2,0,0
BRDA:35,2,1,0
BRDA:36,3,0,0
BRDA:36,3,1,0
BRDA:41,4,0,0
BRDA:41,4,1,0
BRDA:45,5,0,0
BRDA:45,5,1,0
BRDA:78,6,0,0
BRDA:78,6,1,0
BRDA:82,7,0,0
BRDA:82,7,1,0
BRF:16
BRH:0
end_of_record
TN:
SF:/Users/priebe/git/diesel/source/wral/applications/javascript/mailshredder/src/lib/writers/MultiplePdfWriter.js
FN:8,(anonymous_0)
FN:41,zeroFill
FN:54,(anonymous_2)
FN:58,writeNextUsingPageBoundaries
FN:89,(anonymous_4)
FN:101,writeUsingPageBoundaries
FN:109,(anonymous_6)
FN:122,writeMultipleToMultiple
FN:142,(anonymous_8)
FN:147,(anonymous_9)
FNF:10
FNH:0
FNDA:0,(anonymous_0)
FNDA:0,zeroFill
FNDA:0,(anonymous_2)
FNDA:0,writeNextUsingPageBoundaries
FNDA:0,(anonymous_4)
FNDA:0,writeUsingPageBoundaries
FNDA:0,(anonymous_6)
FNDA:0,writeMultipleToMultiple
FNDA:0,(anonymous_8)
FNDA:0,(anonymous_9)
DA:1,0
DA:2,0
DA:6,0
DA:8,0
DA:9,0
DA:18,0
DA:19,0
DA:21,0
DA:22,0
DA:24,0
DA:25,0
DA:27,0
DA:28,0
DA:31,0
DA:33,0
DA:34,0
DA:37,0
DA:38,0
DA:42,0
DA:43,0
DA:44,0
DA:46,0
DA:49,0
DA:51,0
DA:52,0
DA:54,0
DA:55,0
DA:59,0
DA:61,0
DA:63,0
DA:64,0
DA:65,0
DA:68,0
DA:70,0
DA:71,0
DA:73,0
DA:75,0
DA:80,0
DA:82,0
DA:83,0
DA:84,0
DA:85,0
DA:86,0
DA:89,0
DA:90,0
DA:91,0
DA:92,0
DA:95,0
DA:96,0
DA:97,0
DA:102,0
DA:107,0
DA:109,0
DA:110,0
DA:111,0
DA:114,0
DA:116,0
DA:117,0
DA:118,0
DA:123,0
DA:124,0
DA:126,0
DA:127,0
DA:128,0
DA:130,0
DA:132,0
DA:137,0
DA:138,0
DA:142,0
DA:143,0
DA:144,0
DA:147,0
DA:148,0
DA:149,0
DA:152,0
DA:153,0
DA:154,0
DA:155,0
DA:156,0
DA:158,0
DA:161,0
DA:165,0
DA:166,0
DA:168,0
LF:84
LH:0
BRDA:27,0,0,0
BRDA:27,0,1,0
BRDA:33,1,0,0
BRDA:33,1,1,0
BRDA:37,2,0,0
BRDA:37,2,1,0
BRDA:43,3,0,0
BRDA:43,3,1,0
BRDA:44,4,0,0
BRDA:44,4,1,0
BRDA:61,5,0,0
BRDA:61,5,1,0
BRDA:90,6,0,0
BRDA:90,6,1,0
BRDA:110,7,0,0
BRDA:110,7,1,0
BRDA:143,8,0,0
BRDA:143,8,1,0
BRDA:152,9,0,0
BRDA:152,9,1,0
BRDA:154,10,0,0
BRDA:154,10,1,0
BRF:22
BRH:0
end_of_record
TN:
SF:/Users/priebe/git/diesel/source/wral/applications/javascript/mailshredder/src/pages/Index.vue
FN:89,mounted
FN:98,configureOpenRenderedLinksInDefaultBrowser
FN:101,(anonymous_3)
FN:102,(anonymous_4)
FN:114,data
FN:121,onStepSetupValidationResult
FN:130,onNextClick
FN:139,onStep
FNF:8
FNH:0
FNDA:0,mounted
FNDA:0,configureOpenRenderedLinksInDefaultBrowser
FNDA:0,(anonymous_3)
FNDA:0,(anonymous_4)
FNDA:0,data
FNDA:0,onStepSetupValidationResult
FNDA:0,onNextClick
FNDA:0,onStep
DA:77,0
DA:78,0
DA:79,0
DA:80,0
DA:90,0
DA:91,0
DA:92,0
DA:93,0
DA:99,0
DA:100,0
DA:101,0
DA:102,0
DA:103,0
DA:104,0
DA:105,0
DA:106,0
DA:112,0
DA:114,0
DA:122,0
DA:123,0
DA:124,0
DA:125,0
DA:127,0
DA:131,0
DA:132,0
DA:133,0
DA:135,0
DA:136,0
DA:140,0
LF:29
LH:0
BRDA:91,0,0,0
BRDA:91,0,1,0
BRDA:100,1,0,0
BRDA:100,1,1,0
BRDA:100,2,0,0
BRDA:100,2,1,0
BRDA:103,3,0,0
BRDA:103,3,1,0
BRDA:123,4,0,0
BRDA:123,4,1,0
BRDA:131,5,0,0
BRDA:131,5,1,0
BRF:12
BRH:0
end_of_record
TN:
SF:/Users/priebe/git/diesel/source/wral/applications/javascript/mailshredder/src/router/index.js
FN:13,(anonymous_0)
FN:15,(anonymous_1)
FNF:2
FNH:0
FNDA:0,(anonymous_0)
FNDA:0,(anonymous_1)
DA:6,0
DA:14,0
DA:15,0
DA:25,0
LF:4
LH:0
BRF:0
BRH:0
end_of_record
TN:
SF:/Users/priebe/git/diesel/source/wral/applications/javascript/mailshredder/src/router/routes.js
FN:5,(anonymous_0)
FN:7,(anonymous_1)
FN:16,(anonymous_2)
FNF:3
FNH:0
FNDA:0,(anonymous_0)
FNDA:0,(anonymous_1)
FNDA:0,(anonymous_2)
DA:2,0
DA:5,0
DA:7,0
DA:13,0
DA:14,0
DA:16,0
LF:6
LH:0
BRDA:13,0,0,0
BRDA:13,0,1,0
BRF:2
BRH:0
end_of_record
TN:
SF:/Users/priebe/git/diesel/source/wral/applications/javascript/mailshredder/src/store/index.js
FN:14,(anonymous_0)
FNF:1
FNH:0
FNDA:0,(anonymous_0)
DA:7,0
DA:15,0
DA:22,0
LF:3
LH:0
BRF:0
BRH:0
end_of_record
TN:
SF:/Users/priebe/git/diesel/source/wral/applications/javascript/mailshredder/src/store/filter/actions.js
FNF:0
FNH:0
LF:0
LH:0
BRF:0
BRH:0
end_of_record
TN:
SF:/Users/priebe/git/diesel/source/wral/applications/javascript/mailshredder/src/store/filter/getters.js
FNF:0
FNH:0
LF:0
LH:0
BRF:0
BRH:0
end_of_record
TN:
SF:/Users/priebe/git/diesel/source/wral/applications/javascript/mailshredder/src/store/filter/index.js
FNF:0
FNH:0
LF:0
LH:0
BRF:0
BRH:0
end_of_record
TN:
SF:/Users/priebe/git/diesel/source/wral/applications/javascript/mailshredder/src/store/filter/mutations.js
FN:1,updateEmails
FN:5,updateTableData
FN:9,updateSelected
FN:13,updateLastJob
FNF:4
FNH:0
FNDA:0,updateEmails
FNDA:0,updateTableData
FNDA:0,updateSelected
FNDA:0,updateLastJob
DA:2,0
DA:6,0
DA:10,0
DA:14,0
LF:4
LH:0
BRF:0
BRH:0
end_of_record
TN:
SF:/Users/priebe/git/diesel/source/wral/applications/javascript/mailshredder/src/store/filter/state.js
FNF:0
FNH:0
LF:0
LH:0
BRF:0
BRH:0
end_of_record
TN:
SF:/Users/priebe/git/diesel/source/wral/applications/javascript/mailshredder/src/store/setup/actions.js
FNF:0
FNH:0
LF:0
LH:0
BRF:0
BRH:0
end_of_record
TN:
SF:/Users/priebe/git/diesel/source/wral/applications/javascript/mailshredder/src/store/setup/getters.js
FNF:0
FNH:0
LF:0
LH:0
BRF:0
BRH:0
end_of_record
TN:
SF:/Users/priebe/git/diesel/source/wral/applications/javascript/mailshredder/src/store/setup/index.js
FNF:0
FNH:0
LF:0
LH:0
BRF:0
BRH:0
end_of_record
TN:
SF:/Users/priebe/git/diesel/source/wral/applications/javascript/mailshredder/src/store/setup/mutations.js
FN:1,updateDcUsername
FN:5,updateDcPassword
FN:9,updateDcProjectId
FN:13,updateInputFile
FN:17,updatePerformOCR
FN:21,updateUnpackPortfolio
FNF:6
FNH:0
FNDA:0,updateDcUsername
FNDA:0,updateDcPassword
FNDA:0,updateDcProjectId
FNDA:0,updateInputFile
FNDA:0,updatePerformOCR
FNDA:0,updateUnpackPortfolio
DA:2,0
DA:6,0
DA:10,0
DA:14,0
DA:18,0
DA:22,0
LF:6
LH:0
BRF:0
BRH:0
end_of_record
TN:
SF:/Users/priebe/git/diesel/source/wral/applications/javascript/mailshredder/src/store/setup/state.js
FNF:0
FNH:0
LF:0
LH:0
BRF:0
BRH:0
end_of_record
